The system is: Linux - 5.13.0-7614-generic - x86_64
Compiling the C compiler identification source file "CMakeCCompilerId.c" succeeded.
Compiler: /usr/bin/cc 
Build flags: 
Id flags:  

The output was:
0


Compilation of the C compiler identification source "CMakeCCompilerId.c" produced "a.out"

The C compiler identification is GNU, found in "/home/cuyigoldo/Dropbox/Doctorado/comprimidas/programa/build/CMakeFiles/3.18.4/CompilerIdC/a.out"

Compiling the CXX compiler identification source file "CMakeCXXCompilerId.cpp" succeeded.
Compiler: /usr/bin/c++ 
Build flags: 
Id flags:  

The output was:
0


Compilation of the CXX compiler identification source "CMakeCXXCompilerId.cpp" produced "a.out"

The CXX compiler identification is GNU, found in "/home/cuyigoldo/Dropbox/Doctorado/comprimidas/programa/build/CMakeFiles/3.18.4/CompilerIdCXX/a.out"

Detecting C compiler ABI info compiled with the following output:
Change Dir: /home/cuyigoldo/Dropbox/Doctorado/comprimidas/programa/build/CMakeFiles/CMakeTmp

Run Build Command(s):/usr/bin/gmake cmTC_5a13d/fast && /usr/bin/gmake  -f CMakeFiles/cmTC_5a13d.dir/build.make CMakeFiles/cmTC_5a13d.dir/build
gmake[1]: Entering directory '/home/cuyigoldo/Dropbox/Doctorado/comprimidas/programa/build/CMakeFiles/CMakeTmp'
Building C object CMakeFiles/cmTC_5a13d.dir/CMakeCCompilerABI.c.o
/usr/bin/cc   -v -o CMakeFiles/cmTC_5a13d.dir/CMakeCCompilerABI.c.o -c /usr/share/cmake-3.18/Modules/CMakeCCompilerABI.c
Using built-in specs.
COLLECT_GCC=/usr/bin/cc
OFFLOAD_TARGET_NAMES=nvptx-none:amdgcn-amdhsa:hsa
OFFLOAD_TARGET_DEFAULT=1
Target: x86_64-linux-gnu
Configured with: ../src/configure -v --with-pkgversion='Ubuntu 10.3.0-1ubuntu1' --with-bugurl=file:///usr/share/doc/gcc-10/README.Bugs --enable-languages=c,ada,c++,go,brig,d,fortran,objc,obj-c++,m2 --prefix=/usr --with-gcc-major-version-only --program-suffix=-10 --program-prefix=x86_64-linux-gnu- --enable-shared --enable-linker-build-id --libexecdir=/usr/lib --without-included-gettext --enable-threads=posix --libdir=/usr/lib --enable-nls --enable-bootstrap --enable-clocale=gnu --enable-libstdcxx-debug --enable-libstdcxx-time=yes --with-default-libstdcxx-abi=new --enable-gnu-unique-object --disable-vtable-verify --enable-plugin --enable-default-pie --with-system-zlib --enable-libphobos-checking=release --with-target-system-zlib=auto --enable-objc-gc=auto --enable-multiarch --disable-werror --with-arch-32=i686 --with-abi=m64 --with-multilib-list=m32,m64,mx32 --enable-multilib --with-tune=generic --enable-offload-targets=nvptx-none=/build/gcc-10-gDeRY6/gcc-10-10.3.0/debian/tmp-nvptx/usr,amdgcn-amdhsa=/build/gcc-10-gDeRY6/gcc-10-10.3.0/debian/tmp-gcn/usr,hsa --without-cuda-driver --enable-checking=release --build=x86_64-linux-gnu --host=x86_64-linux-gnu --target=x86_64-linux-gnu --with-build-config=bootstrap-lto-lean --enable-link-mutex
Thread model: posix
Supported LTO compression algorithms: zlib zstd
gcc version 10.3.0 (Ubuntu 10.3.0-1ubuntu1) 
COLLECT_GCC_OPTIONS='-v' '-o' 'CMakeFiles/cmTC_5a13d.dir/CMakeCCompilerABI.c.o' '-c' '-mtune=generic' '-march=x86-64'
 /usr/lib/gcc/x86_64-linux-gnu/10/cc1 -quiet -v -imultiarch x86_64-linux-gnu /usr/share/cmake-3.18/Modules/CMakeCCompilerABI.c -quiet -dumpbase CMakeCCompilerABI.c -mtune=generic -march=x86-64 -auxbase-strip CMakeFiles/cmTC_5a13d.dir/CMakeCCompilerABI.c.o -version -fasynchronous-unwind-tables -fstack-protector-strong -Wformat -Wformat-security -fstack-clash-protection -fcf-protection -o /tmp/cctB15U6.s
GNU C17 (Ubuntu 10.3.0-1ubuntu1) version 10.3.0 (x86_64-linux-gnu)
	compiled by GNU C version 10.3.0, GMP version 6.2.1, MPFR version 4.1.0, MPC version 1.2.0, isl version isl-0.23-GMP

GGC heuristics: --param ggc-min-expand=100 --param ggc-min-heapsize=131072
ignoring nonexistent directory "/usr/local/include/x86_64-linux-gnu"
ignoring nonexistent directory "/usr/lib/gcc/x86_64-linux-gnu/10/include-fixed"
ignoring nonexistent directory "/usr/lib/gcc/x86_64-linux-gnu/10/../../../../x86_64-linux-gnu/include"
#include "..." search starts here:
#include <...> search starts here:
 /usr/lib/gcc/x86_64-linux-gnu/10/include
 /usr/local/include
 /usr/include/x86_64-linux-gnu
 /usr/include
End of search list.
GNU C17 (Ubuntu 10.3.0-1ubuntu1) version 10.3.0 (x86_64-linux-gnu)
	compiled by GNU C version 10.3.0, GMP version 6.2.1, MPFR version 4.1.0, MPC version 1.2.0, isl version isl-0.23-GMP

GGC heuristics: --param ggc-min-expand=100 --param ggc-min-heapsize=131072
Compiler executable checksum: 58794417508a053c2d813aa212cbee7e
COLLECT_GCC_OPTIONS='-v' '-o' 'CMakeFiles/cmTC_5a13d.dir/CMakeCCompilerABI.c.o' '-c' '-mtune=generic' '-march=x86-64'
 as -v --64 -o CMakeFiles/cmTC_5a13d.dir/CMakeCCompilerABI.c.o /tmp/cctB15U6.s
GNU assembler version 2.36.1 (x86_64-linux-gnu) using BFD version (GNU Binutils for Ubuntu) 2.36.1
COMPILER_PATH=/usr/lib/gcc/x86_64-linux-gnu/10/:/usr/lib/gcc/x86_64-linux-gnu/10/:/usr/lib/gcc/x86_64-linux-gnu/:/usr/lib/gcc/x86_64-linux-gnu/10/:/usr/lib/gcc/x86_64-linux-gnu/
LIBRARY_PATH=/usr/lib/gcc/x86_64-linux-gnu/10/:/usr/lib/gcc/x86_64-linux-gnu/10/../../../x86_64-linux-gnu/:/usr/lib/gcc/x86_64-linux-gnu/10/../../../../lib/:/lib/x86_64-linux-gnu/:/lib/../lib/:/usr/lib/x86_64-linux-gnu/:/usr/lib/../lib/:/usr/lib/gcc/x86_64-linux-gnu/10/../../../:/lib/:/usr/lib/
COLLECT_GCC_OPTIONS='-v' '-o' 'CMakeFiles/cmTC_5a13d.dir/CMakeCCompilerABI.c.o' '-c' '-mtune=generic' '-march=x86-64'
Linking C executable cmTC_5a13d
/usr/bin/cmake -E cmake_link_script CMakeFiles/cmTC_5a13d.dir/link.txt --verbose=1
/usr/bin/cc  -v CMakeFiles/cmTC_5a13d.dir/CMakeCCompilerABI.c.o -o cmTC_5a13d 
Using built-in specs.
COLLECT_GCC=/usr/bin/cc
COLLECT_LTO_WRAPPER=/usr/lib/gcc/x86_64-linux-gnu/10/lto-wrapper
OFFLOAD_TARGET_NAMES=nvptx-none:amdgcn-amdhsa:hsa
OFFLOAD_TARGET_DEFAULT=1
Target: x86_64-linux-gnu
Configured with: ../src/configure -v --with-pkgversion='Ubuntu 10.3.0-1ubuntu1' --with-bugurl=file:///usr/share/doc/gcc-10/README.Bugs --enable-languages=c,ada,c++,go,brig,d,fortran,objc,obj-c++,m2 --prefix=/usr --with-gcc-major-version-only --program-suffix=-10 --program-prefix=x86_64-linux-gnu- --enable-shared --enable-linker-build-id --libexecdir=/usr/lib --without-included-gettext --enable-threads=posix --libdir=/usr/lib --enable-nls --enable-bootstrap --enable-clocale=gnu --enable-libstdcxx-debug --enable-libstdcxx-time=yes --with-default-libstdcxx-abi=new --enable-gnu-unique-object --disable-vtable-verify --enable-plugin --enable-default-pie --with-system-zlib --enable-libphobos-checking=release --with-target-system-zlib=auto --enable-objc-gc=auto --enable-multiarch --disable-werror --with-arch-32=i686 --with-abi=m64 --with-multilib-list=m32,m64,mx32 --enable-multilib --with-tune=generic --enable-offload-targets=nvptx-none=/build/gcc-10-gDeRY6/gcc-10-10.3.0/debian/tmp-nvptx/usr,amdgcn-amdhsa=/build/gcc-10-gDeRY6/gcc-10-10.3.0/debian/tmp-gcn/usr,hsa --without-cuda-driver --enable-checking=release --build=x86_64-linux-gnu --host=x86_64-linux-gnu --target=x86_64-linux-gnu --with-build-config=bootstrap-lto-lean --enable-link-mutex
Thread model: posix
Supported LTO compression algorithms: zlib zstd
gcc version 10.3.0 (Ubuntu 10.3.0-1ubuntu1) 
COMPILER_PATH=/usr/lib/gcc/x86_64-linux-gnu/10/:/usr/lib/gcc/x86_64-linux-gnu/10/:/usr/lib/gcc/x86_64-linux-gnu/:/usr/lib/gcc/x86_64-linux-gnu/10/:/usr/lib/gcc/x86_64-linux-gnu/
LIBRARY_PATH=/usr/lib/gcc/x86_64-linux-gnu/10/:/usr/lib/gcc/x86_64-linux-gnu/10/../../../x86_64-linux-gnu/:/usr/lib/gcc/x86_64-linux-gnu/10/../../../../lib/:/lib/x86_64-linux-gnu/:/lib/../lib/:/usr/lib/x86_64-linux-gnu/:/usr/lib/../lib/:/usr/lib/gcc/x86_64-linux-gnu/10/../../../:/lib/:/usr/lib/
COLLECT_GCC_OPTIONS='-v' '-o' 'cmTC_5a13d' '-mtune=generic' '-march=x86-64'
 /usr/lib/gcc/x86_64-linux-gnu/10/collect2 -plugin /usr/lib/gcc/x86_64-linux-gnu/10/liblto_plugin.so -plugin-opt=/usr/lib/gcc/x86_64-linux-gnu/10/lto-wrapper -plugin-opt=-fresolution=/tmp/ccwhIigY.res -plugin-opt=-pass-through=-lgcc -plugin-opt=-pass-through=-lgcc_s -plugin-opt=-pass-through=-lc -plugin-opt=-pass-through=-lgcc -plugin-opt=-pass-through=-lgcc_s --build-id --eh-frame-hdr -m elf_x86_64 --hash-style=gnu --as-needed -dynamic-linker /lib64/ld-linux-x86-64.so.2 -pie -z now -z relro -o cmTC_5a13d /usr/lib/gcc/x86_64-linux-gnu/10/../../../x86_64-linux-gnu/Scrt1.o /usr/lib/gcc/x86_64-linux-gnu/10/../../../x86_64-linux-gnu/crti.o /usr/lib/gcc/x86_64-linux-gnu/10/crtbeginS.o -L/usr/lib/gcc/x86_64-linux-gnu/10 -L/usr/lib/gcc/x86_64-linux-gnu/10/../../../x86_64-linux-gnu -L/usr/lib/gcc/x86_64-linux-gnu/10/../../../../lib -L/lib/x86_64-linux-gnu -L/lib/../lib -L/usr/lib/x86_64-linux-gnu -L/usr/lib/../lib -L/usr/lib/gcc/x86_64-linux-gnu/10/../../.. CMakeFiles/cmTC_5a13d.dir/CMakeCCompilerABI.c.o -lgcc --push-state --as-needed -lgcc_s --pop-state -lc -lgcc --push-state --as-needed -lgcc_s --pop-state /usr/lib/gcc/x86_64-linux-gnu/10/crtendS.o /usr/lib/gcc/x86_64-linux-gnu/10/../../../x86_64-linux-gnu/crtn.o
COLLECT_GCC_OPTIONS='-v' '-o' 'cmTC_5a13d' '-mtune=generic' '-march=x86-64'
gmake[1]: Leaving directory '/home/cuyigoldo/Dropbox/Doctorado/comprimidas/programa/build/CMakeFiles/CMakeTmp'



Parsed C implicit include dir info from above output: rv=done
  found start of include info
  found start of implicit include info
    add: [/usr/lib/gcc/x86_64-linux-gnu/10/include]
    add: [/usr/local/include]
    add: [/usr/include/x86_64-linux-gnu]
    add: [/usr/include]
  end of search list found
  collapse include dir [/usr/lib/gcc/x86_64-linux-gnu/10/include] ==> [/usr/lib/gcc/x86_64-linux-gnu/10/include]
  collapse include dir [/usr/local/include] ==> [/usr/local/include]
  collapse include dir [/usr/include/x86_64-linux-gnu] ==> [/usr/include/x86_64-linux-gnu]
  collapse include dir [/usr/include] ==> [/usr/include]
  implicit include dirs: [/usr/lib/gcc/x86_64-linux-gnu/10/include;/usr/local/include;/usr/include/x86_64-linux-gnu;/usr/include]


Parsed C implicit link information from above output:
  link line regex: [^( *|.*[/\])(ld|CMAKE_LINK_STARTFILE-NOTFOUND|([^/\]+-)?ld|collect2)[^/\]*( |$)]
  ignore line: [Change Dir: /home/cuyigoldo/Dropbox/Doctorado/comprimidas/programa/build/CMakeFiles/CMakeTmp]
  ignore line: []
  ignore line: [Run Build Command(s):/usr/bin/gmake cmTC_5a13d/fast && /usr/bin/gmake  -f CMakeFiles/cmTC_5a13d.dir/build.make CMakeFiles/cmTC_5a13d.dir/build]
  ignore line: [gmake[1]: Entering directory '/home/cuyigoldo/Dropbox/Doctorado/comprimidas/programa/build/CMakeFiles/CMakeTmp']
  ignore line: [Building C object CMakeFiles/cmTC_5a13d.dir/CMakeCCompilerABI.c.o]
  ignore line: [/usr/bin/cc   -v -o CMakeFiles/cmTC_5a13d.dir/CMakeCCompilerABI.c.o -c /usr/share/cmake-3.18/Modules/CMakeCCompilerABI.c]
  ignore line: [Using built-in specs.]
  ignore line: [COLLECT_GCC=/usr/bin/cc]
  ignore line: [OFFLOAD_TARGET_NAMES=nvptx-none:amdgcn-amdhsa:hsa]
  ignore line: [OFFLOAD_TARGET_DEFAULT=1]
  ignore line: [Target: x86_64-linux-gnu]
  ignore line: [Configured with: ../src/configure -v --with-pkgversion='Ubuntu 10.3.0-1ubuntu1' --with-bugurl=file:///usr/share/doc/gcc-10/README.Bugs --enable-languages=c ada c++ go brig d fortran objc obj-c++ m2 --prefix=/usr --with-gcc-major-version-only --program-suffix=-10 --program-prefix=x86_64-linux-gnu- --enable-shared --enable-linker-build-id --libexecdir=/usr/lib --without-included-gettext --enable-threads=posix --libdir=/usr/lib --enable-nls --enable-bootstrap --enable-clocale=gnu --enable-libstdcxx-debug --enable-libstdcxx-time=yes --with-default-libstdcxx-abi=new --enable-gnu-unique-object --disable-vtable-verify --enable-plugin --enable-default-pie --with-system-zlib --enable-libphobos-checking=release --with-target-system-zlib=auto --enable-objc-gc=auto --enable-multiarch --disable-werror --with-arch-32=i686 --with-abi=m64 --with-multilib-list=m32 m64 mx32 --enable-multilib --with-tune=generic --enable-offload-targets=nvptx-none=/build/gcc-10-gDeRY6/gcc-10-10.3.0/debian/tmp-nvptx/usr amdgcn-amdhsa=/build/gcc-10-gDeRY6/gcc-10-10.3.0/debian/tmp-gcn/usr hsa --without-cuda-driver --enable-checking=release --build=x86_64-linux-gnu --host=x86_64-linux-gnu --target=x86_64-linux-gnu --with-build-config=bootstrap-lto-lean --enable-link-mutex]
  ignore line: [Thread model: posix]
  ignore line: [Supported LTO compression algorithms: zlib zstd]
  ignore line: [gcc version 10.3.0 (Ubuntu 10.3.0-1ubuntu1) ]
  ignore line: [COLLECT_GCC_OPTIONS='-v' '-o' 'CMakeFiles/cmTC_5a13d.dir/CMakeCCompilerABI.c.o' '-c' '-mtune=generic' '-march=x86-64']
  ignore line: [ /usr/lib/gcc/x86_64-linux-gnu/10/cc1 -quiet -v -imultiarch x86_64-linux-gnu /usr/share/cmake-3.18/Modules/CMakeCCompilerABI.c -quiet -dumpbase CMakeCCompilerABI.c -mtune=generic -march=x86-64 -auxbase-strip CMakeFiles/cmTC_5a13d.dir/CMakeCCompilerABI.c.o -version -fasynchronous-unwind-tables -fstack-protector-strong -Wformat -Wformat-security -fstack-clash-protection -fcf-protection -o /tmp/cctB15U6.s]
  ignore line: [GNU C17 (Ubuntu 10.3.0-1ubuntu1) version 10.3.0 (x86_64-linux-gnu)]
  ignore line: [	compiled by GNU C version 10.3.0  GMP version 6.2.1  MPFR version 4.1.0  MPC version 1.2.0  isl version isl-0.23-GMP]
  ignore line: []
  ignore line: [GGC heuristics: --param ggc-min-expand=100 --param ggc-min-heapsize=131072]
  ignore line: [ignoring nonexistent directory "/usr/local/include/x86_64-linux-gnu"]
  ignore line: [ignoring nonexistent directory "/usr/lib/gcc/x86_64-linux-gnu/10/include-fixed"]
  ignore line: [ignoring nonexistent directory "/usr/lib/gcc/x86_64-linux-gnu/10/../../../../x86_64-linux-gnu/include"]
  ignore line: [#include "..." search starts here:]
  ignore line: [#include <...> search starts here:]
  ignore line: [ /usr/lib/gcc/x86_64-linux-gnu/10/include]
  ignore line: [ /usr/local/include]
  ignore line: [ /usr/include/x86_64-linux-gnu]
  ignore line: [ /usr/include]
  ignore line: [End of search list.]
  ignore line: [GNU C17 (Ubuntu 10.3.0-1ubuntu1) version 10.3.0 (x86_64-linux-gnu)]
  ignore line: [	compiled by GNU C version 10.3.0  GMP version 6.2.1  MPFR version 4.1.0  MPC version 1.2.0  isl version isl-0.23-GMP]
  ignore line: []
  ignore line: [GGC heuristics: --param ggc-min-expand=100 --param ggc-min-heapsize=131072]
  ignore line: [Compiler executable checksum: 58794417508a053c2d813aa212cbee7e]
  ignore line: [COLLECT_GCC_OPTIONS='-v' '-o' 'CMakeFiles/cmTC_5a13d.dir/CMakeCCompilerABI.c.o' '-c' '-mtune=generic' '-march=x86-64']
  ignore line: [ as -v --64 -o CMakeFiles/cmTC_5a13d.dir/CMakeCCompilerABI.c.o /tmp/cctB15U6.s]
  ignore line: [GNU assembler version 2.36.1 (x86_64-linux-gnu) using BFD version (GNU Binutils for Ubuntu) 2.36.1]
  ignore line: [COMPILER_PATH=/usr/lib/gcc/x86_64-linux-gnu/10/:/usr/lib/gcc/x86_64-linux-gnu/10/:/usr/lib/gcc/x86_64-linux-gnu/:/usr/lib/gcc/x86_64-linux-gnu/10/:/usr/lib/gcc/x86_64-linux-gnu/]
  ignore line: [LIBRARY_PATH=/usr/lib/gcc/x86_64-linux-gnu/10/:/usr/lib/gcc/x86_64-linux-gnu/10/../../../x86_64-linux-gnu/:/usr/lib/gcc/x86_64-linux-gnu/10/../../../../lib/:/lib/x86_64-linux-gnu/:/lib/../lib/:/usr/lib/x86_64-linux-gnu/:/usr/lib/../lib/:/usr/lib/gcc/x86_64-linux-gnu/10/../../../:/lib/:/usr/lib/]
  ignore line: [COLLECT_GCC_OPTIONS='-v' '-o' 'CMakeFiles/cmTC_5a13d.dir/CMakeCCompilerABI.c.o' '-c' '-mtune=generic' '-march=x86-64']
  ignore line: [Linking C executable cmTC_5a13d]
  ignore line: [/usr/bin/cmake -E cmake_link_script CMakeFiles/cmTC_5a13d.dir/link.txt --verbose=1]
  ignore line: [/usr/bin/cc  -v CMakeFiles/cmTC_5a13d.dir/CMakeCCompilerABI.c.o -o cmTC_5a13d ]
  ignore line: [Using built-in specs.]
  ignore line: [COLLECT_GCC=/usr/bin/cc]
  ignore line: [COLLECT_LTO_WRAPPER=/usr/lib/gcc/x86_64-linux-gnu/10/lto-wrapper]
  ignore line: [OFFLOAD_TARGET_NAMES=nvptx-none:amdgcn-amdhsa:hsa]
  ignore line: [OFFLOAD_TARGET_DEFAULT=1]
  ignore line: [Target: x86_64-linux-gnu]
  ignore line: [Configured with: ../src/configure -v --with-pkgversion='Ubuntu 10.3.0-1ubuntu1' --with-bugurl=file:///usr/share/doc/gcc-10/README.Bugs --enable-languages=c ada c++ go brig d fortran objc obj-c++ m2 --prefix=/usr --with-gcc-major-version-only --program-suffix=-10 --program-prefix=x86_64-linux-gnu- --enable-shared --enable-linker-build-id --libexecdir=/usr/lib --without-included-gettext --enable-threads=posix --libdir=/usr/lib --enable-nls --enable-bootstrap --enable-clocale=gnu --enable-libstdcxx-debug --enable-libstdcxx-time=yes --with-default-libstdcxx-abi=new --enable-gnu-unique-object --disable-vtable-verify --enable-plugin --enable-default-pie --with-system-zlib --enable-libphobos-checking=release --with-target-system-zlib=auto --enable-objc-gc=auto --enable-multiarch --disable-werror --with-arch-32=i686 --with-abi=m64 --with-multilib-list=m32 m64 mx32 --enable-multilib --with-tune=generic --enable-offload-targets=nvptx-none=/build/gcc-10-gDeRY6/gcc-10-10.3.0/debian/tmp-nvptx/usr amdgcn-amdhsa=/build/gcc-10-gDeRY6/gcc-10-10.3.0/debian/tmp-gcn/usr hsa --without-cuda-driver --enable-checking=release --build=x86_64-linux-gnu --host=x86_64-linux-gnu --target=x86_64-linux-gnu --with-build-config=bootstrap-lto-lean --enable-link-mutex]
  ignore line: [Thread model: posix]
  ignore line: [Supported LTO compression algorithms: zlib zstd]
  ignore line: [gcc version 10.3.0 (Ubuntu 10.3.0-1ubuntu1) ]
  ignore line: [COMPILER_PATH=/usr/lib/gcc/x86_64-linux-gnu/10/:/usr/lib/gcc/x86_64-linux-gnu/10/:/usr/lib/gcc/x86_64-linux-gnu/:/usr/lib/gcc/x86_64-linux-gnu/10/:/usr/lib/gcc/x86_64-linux-gnu/]
  ignore line: [LIBRARY_PATH=/usr/lib/gcc/x86_64-linux-gnu/10/:/usr/lib/gcc/x86_64-linux-gnu/10/../../../x86_64-linux-gnu/:/usr/lib/gcc/x86_64-linux-gnu/10/../../../../lib/:/lib/x86_64-linux-gnu/:/lib/../lib/:/usr/lib/x86_64-linux-gnu/:/usr/lib/../lib/:/usr/lib/gcc/x86_64-linux-gnu/10/../../../:/lib/:/usr/lib/]
  ignore line: [COLLECT_GCC_OPTIONS='-v' '-o' 'cmTC_5a13d' '-mtune=generic' '-march=x86-64']
  link line: [ /usr/lib/gcc/x86_64-linux-gnu/10/collect2 -plugin /usr/lib/gcc/x86_64-linux-gnu/10/liblto_plugin.so -plugin-opt=/usr/lib/gcc/x86_64-linux-gnu/10/lto-wrapper -plugin-opt=-fresolution=/tmp/ccwhIigY.res -plugin-opt=-pass-through=-lgcc -plugin-opt=-pass-through=-lgcc_s -plugin-opt=-pass-through=-lc -plugin-opt=-pass-through=-lgcc -plugin-opt=-pass-through=-lgcc_s --build-id --eh-frame-hdr -m elf_x86_64 --hash-style=gnu --as-needed -dynamic-linker /lib64/ld-linux-x86-64.so.2 -pie -z now -z relro -o cmTC_5a13d /usr/lib/gcc/x86_64-linux-gnu/10/../../../x86_64-linux-gnu/Scrt1.o /usr/lib/gcc/x86_64-linux-gnu/10/../../../x86_64-linux-gnu/crti.o /usr/lib/gcc/x86_64-linux-gnu/10/crtbeginS.o -L/usr/lib/gcc/x86_64-linux-gnu/10 -L/usr/lib/gcc/x86_64-linux-gnu/10/../../../x86_64-linux-gnu -L/usr/lib/gcc/x86_64-linux-gnu/10/../../../../lib -L/lib/x86_64-linux-gnu -L/lib/../lib -L/usr/lib/x86_64-linux-gnu -L/usr/lib/../lib -L/usr/lib/gcc/x86_64-linux-gnu/10/../../.. CMakeFiles/cmTC_5a13d.dir/CMakeCCompilerABI.c.o -lgcc --push-state --as-needed -lgcc_s --pop-state -lc -lgcc --push-state --as-needed -lgcc_s --pop-state /usr/lib/gcc/x86_64-linux-gnu/10/crtendS.o /usr/lib/gcc/x86_64-linux-gnu/10/../../../x86_64-linux-gnu/crtn.o]
    arg [/usr/lib/gcc/x86_64-linux-gnu/10/collect2] ==> ignore
    arg [-plugin] ==> ignore
    arg [/usr/lib/gcc/x86_64-linux-gnu/10/liblto_plugin.so] ==> ignore
    arg [-plugin-opt=/usr/lib/gcc/x86_64-linux-gnu/10/lto-wrapper] ==> ignore
    arg [-plugin-opt=-fresolution=/tmp/ccwhIigY.res] ==> ignore
    arg [-plugin-opt=-pass-through=-lgcc] ==> ignore
    arg [-plugin-opt=-pass-through=-lgcc_s] ==> ignore
    arg [-plugin-opt=-pass-through=-lc] ==> ignore
    arg [-plugin-opt=-pass-through=-lgcc] ==> ignore
    arg [-plugin-opt=-pass-through=-lgcc_s] ==> ignore
    arg [--build-id] ==> ignore
    arg [--eh-frame-hdr] ==> ignore
    arg [-m] ==> ignore
    arg [elf_x86_64] ==> ignore
    arg [--hash-style=gnu] ==> ignore
    arg [--as-needed] ==> ignore
    arg [-dynamic-linker] ==> ignore
    arg [/lib64/ld-linux-x86-64.so.2] ==> ignore
    arg [-pie] ==> ignore
    arg [-znow] ==> ignore
    arg [-zrelro] ==> ignore
    arg [-o] ==> ignore
    arg [cmTC_5a13d] ==> ignore
    arg [/usr/lib/gcc/x86_64-linux-gnu/10/../../../x86_64-linux-gnu/Scrt1.o] ==> ignore
    arg [/usr/lib/gcc/x86_64-linux-gnu/10/../../../x86_64-linux-gnu/crti.o] ==> ignore
    arg [/usr/lib/gcc/x86_64-linux-gnu/10/crtbeginS.o] ==> ignore
    arg [-L/usr/lib/gcc/x86_64-linux-gnu/10] ==> dir [/usr/lib/gcc/x86_64-linux-gnu/10]
    arg [-L/usr/lib/gcc/x86_64-linux-gnu/10/../../../x86_64-linux-gnu] ==> dir [/usr/lib/gcc/x86_64-linux-gnu/10/../../../x86_64-linux-gnu]
    arg [-L/usr/lib/gcc/x86_64-linux-gnu/10/../../../../lib] ==> dir [/usr/lib/gcc/x86_64-linux-gnu/10/../../../../lib]
    arg [-L/lib/x86_64-linux-gnu] ==> dir [/lib/x86_64-linux-gnu]
    arg [-L/lib/../lib] ==> dir [/lib/../lib]
    arg [-L/usr/lib/x86_64-linux-gnu] ==> dir [/usr/lib/x86_64-linux-gnu]
    arg [-L/usr/lib/../lib] ==> dir [/usr/lib/../lib]
    arg [-L/usr/lib/gcc/x86_64-linux-gnu/10/../../..] ==> dir [/usr/lib/gcc/x86_64-linux-gnu/10/../../..]
    arg [CMakeFiles/cmTC_5a13d.dir/CMakeCCompilerABI.c.o] ==> ignore
    arg [-lgcc] ==> lib [gcc]
    arg [--push-state] ==> ignore
    arg [--as-needed] ==> ignore
    arg [-lgcc_s] ==> lib [gcc_s]
    arg [--pop-state] ==> ignore
    arg [-lc] ==> lib [c]
    arg [-lgcc] ==> lib [gcc]
    arg [--push-state] ==> ignore
    arg [--as-needed] ==> ignore
    arg [-lgcc_s] ==> lib [gcc_s]
    arg [--pop-state] ==> ignore
    arg [/usr/lib/gcc/x86_64-linux-gnu/10/crtendS.o] ==> ignore
    arg [/usr/lib/gcc/x86_64-linux-gnu/10/../../../x86_64-linux-gnu/crtn.o] ==> ignore
  collapse library dir [/usr/lib/gcc/x86_64-linux-gnu/10] ==> [/usr/lib/gcc/x86_64-linux-gnu/10]
  collapse library dir [/usr/lib/gcc/x86_64-linux-gnu/10/../../../x86_64-linux-gnu] ==> [/usr/lib/x86_64-linux-gnu]
  collapse library dir [/usr/lib/gcc/x86_64-linux-gnu/10/../../../../lib] ==> [/usr/lib]
  collapse library dir [/lib/x86_64-linux-gnu] ==> [/lib/x86_64-linux-gnu]
  collapse library dir [/lib/../lib] ==> [/lib]
  collapse library dir [/usr/lib/x86_64-linux-gnu] ==> [/usr/lib/x86_64-linux-gnu]
  collapse library dir [/usr/lib/../lib] ==> [/usr/lib]
  collapse library dir [/usr/lib/gcc/x86_64-linux-gnu/10/../../..] ==> [/usr/lib]
  implicit libs: [gcc;gcc_s;c;gcc;gcc_s]
  implicit dirs: [/usr/lib/gcc/x86_64-linux-gnu/10;/usr/lib/x86_64-linux-gnu;/usr/lib;/lib/x86_64-linux-gnu;/lib]
  implicit fwks: []


Detecting CXX compiler ABI info compiled with the following output:
Change Dir: /home/cuyigoldo/Dropbox/Doctorado/comprimidas/programa/build/CMakeFiles/CMakeTmp

Run Build Command(s):/usr/bin/gmake cmTC_70cec/fast && /usr/bin/gmake  -f CMakeFiles/cmTC_70cec.dir/build.make CMakeFiles/cmTC_70cec.dir/build
gmake[1]: Entering directory '/home/cuyigoldo/Dropbox/Doctorado/comprimidas/programa/build/CMakeFiles/CMakeTmp'
Building CXX object CMakeFiles/cmTC_70cec.dir/CMakeCXXCompilerABI.cpp.o
/usr/bin/c++   -v -o CMakeFiles/cmTC_70cec.dir/CMakeCXXCompilerABI.cpp.o -c /usr/share/cmake-3.18/Modules/CMakeCXXCompilerABI.cpp
Using built-in specs.
COLLECT_GCC=/usr/bin/c++
OFFLOAD_TARGET_NAMES=nvptx-none:amdgcn-amdhsa:hsa
OFFLOAD_TARGET_DEFAULT=1
Target: x86_64-linux-gnu
Configured with: ../src/configure -v --with-pkgversion='Ubuntu 10.3.0-1ubuntu1' --with-bugurl=file:///usr/share/doc/gcc-10/README.Bugs --enable-languages=c,ada,c++,go,brig,d,fortran,objc,obj-c++,m2 --prefix=/usr --with-gcc-major-version-only --program-suffix=-10 --program-prefix=x86_64-linux-gnu- --enable-shared --enable-linker-build-id --libexecdir=/usr/lib --without-included-gettext --enable-threads=posix --libdir=/usr/lib --enable-nls --enable-bootstrap --enable-clocale=gnu --enable-libstdcxx-debug --enable-libstdcxx-time=yes --with-default-libstdcxx-abi=new --enable-gnu-unique-object --disable-vtable-verify --enable-plugin --enable-default-pie --with-system-zlib --enable-libphobos-checking=release --with-target-system-zlib=auto --enable-objc-gc=auto --enable-multiarch --disable-werror --with-arch-32=i686 --with-abi=m64 --with-multilib-list=m32,m64,mx32 --enable-multilib --with-tune=generic --enable-offload-targets=nvptx-none=/build/gcc-10-gDeRY6/gcc-10-10.3.0/debian/tmp-nvptx/usr,amdgcn-amdhsa=/build/gcc-10-gDeRY6/gcc-10-10.3.0/debian/tmp-gcn/usr,hsa --without-cuda-driver --enable-checking=release --build=x86_64-linux-gnu --host=x86_64-linux-gnu --target=x86_64-linux-gnu --with-build-config=bootstrap-lto-lean --enable-link-mutex
Thread model: posix
Supported LTO compression algorithms: zlib zstd
gcc version 10.3.0 (Ubuntu 10.3.0-1ubuntu1) 
COLLECT_GCC_OPTIONS='-v' '-o' 'CMakeFiles/cmTC_70cec.dir/CMakeCXXCompilerABI.cpp.o' '-c' '-shared-libgcc' '-mtune=generic' '-march=x86-64'
 /usr/lib/gcc/x86_64-linux-gnu/10/cc1plus -quiet -v -imultiarch x86_64-linux-gnu -D_GNU_SOURCE /usr/share/cmake-3.18/Modules/CMakeCXXCompilerABI.cpp -quiet -dumpbase CMakeCXXCompilerABI.cpp -mtune=generic -march=x86-64 -auxbase-strip CMakeFiles/cmTC_70cec.dir/CMakeCXXCompilerABI.cpp.o -version -fasynchronous-unwind-tables -fstack-protector-strong -Wformat -Wformat-security -fstack-clash-protection -fcf-protection -o /tmp/ccUAF1IM.s
GNU C++14 (Ubuntu 10.3.0-1ubuntu1) version 10.3.0 (x86_64-linux-gnu)
	compiled by GNU C version 10.3.0, GMP version 6.2.1, MPFR version 4.1.0, MPC version 1.2.0, isl version isl-0.23-GMP

GGC heuristics: --param ggc-min-expand=100 --param ggc-min-heapsize=131072
ignoring duplicate directory "/usr/include/x86_64-linux-gnu/c++/10"
ignoring nonexistent directory "/usr/local/include/x86_64-linux-gnu"
ignoring nonexistent directory "/usr/lib/gcc/x86_64-linux-gnu/10/include-fixed"
ignoring nonexistent directory "/usr/lib/gcc/x86_64-linux-gnu/10/../../../../x86_64-linux-gnu/include"
#include "..." search starts here:
#include <...> search starts here:
 /usr/include/c++/10
 /usr/include/x86_64-linux-gnu/c++/10
 /usr/include/c++/10/backward
 /usr/lib/gcc/x86_64-linux-gnu/10/include
 /usr/local/include
 /usr/include/x86_64-linux-gnu
 /usr/include
End of search list.
GNU C++14 (Ubuntu 10.3.0-1ubuntu1) version 10.3.0 (x86_64-linux-gnu)
	compiled by GNU C version 10.3.0, GMP version 6.2.1, MPFR version 4.1.0, MPC version 1.2.0, isl version isl-0.23-GMP

GGC heuristics: --param ggc-min-expand=100 --param ggc-min-heapsize=131072
Compiler executable checksum: 118e824ee50d24f402f1f2e0e1ebfb12
COLLECT_GCC_OPTIONS='-v' '-o' 'CMakeFiles/cmTC_70cec.dir/CMakeCXXCompilerABI.cpp.o' '-c' '-shared-libgcc' '-mtune=generic' '-march=x86-64'
 as -v --64 -o CMakeFiles/cmTC_70cec.dir/CMakeCXXCompilerABI.cpp.o /tmp/ccUAF1IM.s
GNU assembler version 2.36.1 (x86_64-linux-gnu) using BFD version (GNU Binutils for Ubuntu) 2.36.1
COMPILER_PATH=/usr/lib/gcc/x86_64-linux-gnu/10/:/usr/lib/gcc/x86_64-linux-gnu/10/:/usr/lib/gcc/x86_64-linux-gnu/:/usr/lib/gcc/x86_64-linux-gnu/10/:/usr/lib/gcc/x86_64-linux-gnu/
LIBRARY_PATH=/usr/lib/gcc/x86_64-linux-gnu/10/:/usr/lib/gcc/x86_64-linux-gnu/10/../../../x86_64-linux-gnu/:/usr/lib/gcc/x86_64-linux-gnu/10/../../../../lib/:/lib/x86_64-linux-gnu/:/lib/../lib/:/usr/lib/x86_64-linux-gnu/:/usr/lib/../lib/:/usr/lib/gcc/x86_64-linux-gnu/10/../../../:/lib/:/usr/lib/
COLLECT_GCC_OPTIONS='-v' '-o' 'CMakeFiles/cmTC_70cec.dir/CMakeCXXCompilerABI.cpp.o' '-c' '-shared-libgcc' '-mtune=generic' '-march=x86-64'
Linking CXX executable cmTC_70cec
/usr/bin/cmake -E cmake_link_script CMakeFiles/cmTC_70cec.dir/link.txt --verbose=1
/usr/bin/c++  -v CMakeFiles/cmTC_70cec.dir/CMakeCXXCompilerABI.cpp.o -o cmTC_70cec 
Using built-in specs.
COLLECT_GCC=/usr/bin/c++
COLLECT_LTO_WRAPPER=/usr/lib/gcc/x86_64-linux-gnu/10/lto-wrapper
OFFLOAD_TARGET_NAMES=nvptx-none:amdgcn-amdhsa:hsa
OFFLOAD_TARGET_DEFAULT=1
Target: x86_64-linux-gnu
Configured with: ../src/configure -v --with-pkgversion='Ubuntu 10.3.0-1ubuntu1' --with-bugurl=file:///usr/share/doc/gcc-10/README.Bugs --enable-languages=c,ada,c++,go,brig,d,fortran,objc,obj-c++,m2 --prefix=/usr --with-gcc-major-version-only --program-suffix=-10 --program-prefix=x86_64-linux-gnu- --enable-shared --enable-linker-build-id --libexecdir=/usr/lib --without-included-gettext --enable-threads=posix --libdir=/usr/lib --enable-nls --enable-bootstrap --enable-clocale=gnu --enable-libstdcxx-debug --enable-libstdcxx-time=yes --with-default-libstdcxx-abi=new --enable-gnu-unique-object --disable-vtable-verify --enable-plugin --enable-default-pie --with-system-zlib --enable-libphobos-checking=release --with-target-system-zlib=auto --enable-objc-gc=auto --enable-multiarch --disable-werror --with-arch-32=i686 --with-abi=m64 --with-multilib-list=m32,m64,mx32 --enable-multilib --with-tune=generic --enable-offload-targets=nvptx-none=/build/gcc-10-gDeRY6/gcc-10-10.3.0/debian/tmp-nvptx/usr,amdgcn-amdhsa=/build/gcc-10-gDeRY6/gcc-10-10.3.0/debian/tmp-gcn/usr,hsa --without-cuda-driver --enable-checking=release --build=x86_64-linux-gnu --host=x86_64-linux-gnu --target=x86_64-linux-gnu --with-build-config=bootstrap-lto-lean --enable-link-mutex
Thread model: posix
Supported LTO compression algorithms: zlib zstd
gcc version 10.3.0 (Ubuntu 10.3.0-1ubuntu1) 
COMPILER_PATH=/usr/lib/gcc/x86_64-linux-gnu/10/:/usr/lib/gcc/x86_64-linux-gnu/10/:/usr/lib/gcc/x86_64-linux-gnu/:/usr/lib/gcc/x86_64-linux-gnu/10/:/usr/lib/gcc/x86_64-linux-gnu/
LIBRARY_PATH=/usr/lib/gcc/x86_64-linux-gnu/10/:/usr/lib/gcc/x86_64-linux-gnu/10/../../../x86_64-linux-gnu/:/usr/lib/gcc/x86_64-linux-gnu/10/../../../../lib/:/lib/x86_64-linux-gnu/:/lib/../lib/:/usr/lib/x86_64-linux-gnu/:/usr/lib/../lib/:/usr/lib/gcc/x86_64-linux-gnu/10/../../../:/lib/:/usr/lib/
COLLECT_GCC_OPTIONS='-v' '-o' 'cmTC_70cec' '-shared-libgcc' '-mtune=generic' '-march=x86-64'
 /usr/lib/gcc/x86_64-linux-gnu/10/collect2 -plugin /usr/lib/gcc/x86_64-linux-gnu/10/liblto_plugin.so -plugin-opt=/usr/lib/gcc/x86_64-linux-gnu/10/lto-wrapper -plugin-opt=-fresolution=/tmp/cc3DvFDh.res -plugin-opt=-pass-through=-lgcc_s -plugin-opt=-pass-through=-lgcc -plugin-opt=-pass-through=-lc -plugin-opt=-pass-through=-lgcc_s -plugin-opt=-pass-through=-lgcc --build-id --eh-frame-hdr -m elf_x86_64 --hash-style=gnu --as-needed -dynamic-linker /lib64/ld-linux-x86-64.so.2 -pie -z now -z relro -o cmTC_70cec /usr/lib/gcc/x86_64-linux-gnu/10/../../../x86_64-linux-gnu/Scrt1.o /usr/lib/gcc/x86_64-linux-gnu/10/../../../x86_64-linux-gnu/crti.o /usr/lib/gcc/x86_64-linux-gnu/10/crtbeginS.o -L/usr/lib/gcc/x86_64-linux-gnu/10 -L/usr/lib/gcc/x86_64-linux-gnu/10/../../../x86_64-linux-gnu -L/usr/lib/gcc/x86_64-linux-gnu/10/../../../../lib -L/lib/x86_64-linux-gnu -L/lib/../lib -L/usr/lib/x86_64-linux-gnu -L/usr/lib/../lib -L/usr/lib/gcc/x86_64-linux-gnu/10/../../.. CMakeFiles/cmTC_70cec.dir/CMakeCXXCompilerABI.cpp.o -lstdc++ -lm -lgcc_s -lgcc -lc -lgcc_s -lgcc /usr/lib/gcc/x86_64-linux-gnu/10/crtendS.o /usr/lib/gcc/x86_64-linux-gnu/10/../../../x86_64-linux-gnu/crtn.o
COLLECT_GCC_OPTIONS='-v' '-o' 'cmTC_70cec' '-shared-libgcc' '-mtune=generic' '-march=x86-64'
gmake[1]: Leaving directory '/home/cuyigoldo/Dropbox/Doctorado/comprimidas/programa/build/CMakeFiles/CMakeTmp'



Parsed CXX implicit include dir info from above output: rv=done
  found start of include info
  found start of implicit include info
    add: [/usr/include/c++/10]
    add: [/usr/include/x86_64-linux-gnu/c++/10]
    add: [/usr/include/c++/10/backward]
    add: [/usr/lib/gcc/x86_64-linux-gnu/10/include]
    add: [/usr/local/include]
    add: [/usr/include/x86_64-linux-gnu]
    add: [/usr/include]
  end of search list found
  collapse include dir [/usr/include/c++/10] ==> [/usr/include/c++/10]
  collapse include dir [/usr/include/x86_64-linux-gnu/c++/10] ==> [/usr/include/x86_64-linux-gnu/c++/10]
  collapse include dir [/usr/include/c++/10/backward] ==> [/usr/include/c++/10/backward]
  collapse include dir [/usr/lib/gcc/x86_64-linux-gnu/10/include] ==> [/usr/lib/gcc/x86_64-linux-gnu/10/include]
  collapse include dir [/usr/local/include] ==> [/usr/local/include]
  collapse include dir [/usr/include/x86_64-linux-gnu] ==> [/usr/include/x86_64-linux-gnu]
  collapse include dir [/usr/include] ==> [/usr/include]
  implicit include dirs: [/usr/include/c++/10;/usr/include/x86_64-linux-gnu/c++/10;/usr/include/c++/10/backward;/usr/lib/gcc/x86_64-linux-gnu/10/include;/usr/local/include;/usr/include/x86_64-linux-gnu;/usr/include]


Parsed CXX implicit link information from above output:
  link line regex: [^( *|.*[/\])(ld|CMAKE_LINK_STARTFILE-NOTFOUND|([^/\]+-)?ld|collect2)[^/\]*( |$)]
  ignore line: [Change Dir: /home/cuyigoldo/Dropbox/Doctorado/comprimidas/programa/build/CMakeFiles/CMakeTmp]
  ignore line: []
  ignore line: [Run Build Command(s):/usr/bin/gmake cmTC_70cec/fast && /usr/bin/gmake  -f CMakeFiles/cmTC_70cec.dir/build.make CMakeFiles/cmTC_70cec.dir/build]
  ignore line: [gmake[1]: Entering directory '/home/cuyigoldo/Dropbox/Doctorado/comprimidas/programa/build/CMakeFiles/CMakeTmp']
  ignore line: [Building CXX object CMakeFiles/cmTC_70cec.dir/CMakeCXXCompilerABI.cpp.o]
  ignore line: [/usr/bin/c++   -v -o CMakeFiles/cmTC_70cec.dir/CMakeCXXCompilerABI.cpp.o -c /usr/share/cmake-3.18/Modules/CMakeCXXCompilerABI.cpp]
  ignore line: [Using built-in specs.]
  ignore line: [COLLECT_GCC=/usr/bin/c++]
  ignore line: [OFFLOAD_TARGET_NAMES=nvptx-none:amdgcn-amdhsa:hsa]
  ignore line: [OFFLOAD_TARGET_DEFAULT=1]
  ignore line: [Target: x86_64-linux-gnu]
  ignore line: [Configured with: ../src/configure -v --with-pkgversion='Ubuntu 10.3.0-1ubuntu1' --with-bugurl=file:///usr/share/doc/gcc-10/README.Bugs --enable-languages=c ada c++ go brig d fortran objc obj-c++ m2 --prefix=/usr --with-gcc-major-version-only --program-suffix=-10 --program-prefix=x86_64-linux-gnu- --enable-shared --enable-linker-build-id --libexecdir=/usr/lib --without-included-gettext --enable-threads=posix --libdir=/usr/lib --enable-nls --enable-bootstrap --enable-clocale=gnu --enable-libstdcxx-debug --enable-libstdcxx-time=yes --with-default-libstdcxx-abi=new --enable-gnu-unique-object --disable-vtable-verify --enable-plugin --enable-default-pie --with-system-zlib --enable-libphobos-checking=release --with-target-system-zlib=auto --enable-objc-gc=auto --enable-multiarch --disable-werror --with-arch-32=i686 --with-abi=m64 --with-multilib-list=m32 m64 mx32 --enable-multilib --with-tune=generic --enable-offload-targets=nvptx-none=/build/gcc-10-gDeRY6/gcc-10-10.3.0/debian/tmp-nvptx/usr amdgcn-amdhsa=/build/gcc-10-gDeRY6/gcc-10-10.3.0/debian/tmp-gcn/usr hsa --without-cuda-driver --enable-checking=release --build=x86_64-linux-gnu --host=x86_64-linux-gnu --target=x86_64-linux-gnu --with-build-config=bootstrap-lto-lean --enable-link-mutex]
  ignore line: [Thread model: posix]
  ignore line: [Supported LTO compression algorithms: zlib zstd]
  ignore line: [gcc version 10.3.0 (Ubuntu 10.3.0-1ubuntu1) ]
  ignore line: [COLLECT_GCC_OPTIONS='-v' '-o' 'CMakeFiles/cmTC_70cec.dir/CMakeCXXCompilerABI.cpp.o' '-c' '-shared-libgcc' '-mtune=generic' '-march=x86-64']
  ignore line: [ /usr/lib/gcc/x86_64-linux-gnu/10/cc1plus -quiet -v -imultiarch x86_64-linux-gnu -D_GNU_SOURCE /usr/share/cmake-3.18/Modules/CMakeCXXCompilerABI.cpp -quiet -dumpbase CMakeCXXCompilerABI.cpp -mtune=generic -march=x86-64 -auxbase-strip CMakeFiles/cmTC_70cec.dir/CMakeCXXCompilerABI.cpp.o -version -fasynchronous-unwind-tables -fstack-protector-strong -Wformat -Wformat-security -fstack-clash-protection -fcf-protection -o /tmp/ccUAF1IM.s]
  ignore line: [GNU C++14 (Ubuntu 10.3.0-1ubuntu1) version 10.3.0 (x86_64-linux-gnu)]
  ignore line: [	compiled by GNU C version 10.3.0  GMP version 6.2.1  MPFR version 4.1.0  MPC version 1.2.0  isl version isl-0.23-GMP]
  ignore line: []
  ignore line: [GGC heuristics: --param ggc-min-expand=100 --param ggc-min-heapsize=131072]
  ignore line: [ignoring duplicate directory "/usr/include/x86_64-linux-gnu/c++/10"]
  ignore line: [ignoring nonexistent directory "/usr/local/include/x86_64-linux-gnu"]
  ignore line: [ignoring nonexistent directory "/usr/lib/gcc/x86_64-linux-gnu/10/include-fixed"]
  ignore line: [ignoring nonexistent directory "/usr/lib/gcc/x86_64-linux-gnu/10/../../../../x86_64-linux-gnu/include"]
  ignore line: [#include "..." search starts here:]
  ignore line: [#include <...> search starts here:]
  ignore line: [ /usr/include/c++/10]
  ignore line: [ /usr/include/x86_64-linux-gnu/c++/10]
  ignore line: [ /usr/include/c++/10/backward]
  ignore line: [ /usr/lib/gcc/x86_64-linux-gnu/10/include]
  ignore line: [ /usr/local/include]
  ignore line: [ /usr/include/x86_64-linux-gnu]
  ignore line: [ /usr/include]
  ignore line: [End of search list.]
  ignore line: [GNU C++14 (Ubuntu 10.3.0-1ubuntu1) version 10.3.0 (x86_64-linux-gnu)]
  ignore line: [	compiled by GNU C version 10.3.0  GMP version 6.2.1  MPFR version 4.1.0  MPC version 1.2.0  isl version isl-0.23-GMP]
  ignore line: []
  ignore line: [GGC heuristics: --param ggc-min-expand=100 --param ggc-min-heapsize=131072]
  ignore line: [Compiler executable checksum: 118e824ee50d24f402f1f2e0e1ebfb12]
  ignore line: [COLLECT_GCC_OPTIONS='-v' '-o' 'CMakeFiles/cmTC_70cec.dir/CMakeCXXCompilerABI.cpp.o' '-c' '-shared-libgcc' '-mtune=generic' '-march=x86-64']
  ignore line: [ as -v --64 -o CMakeFiles/cmTC_70cec.dir/CMakeCXXCompilerABI.cpp.o /tmp/ccUAF1IM.s]
  ignore line: [GNU assembler version 2.36.1 (x86_64-linux-gnu) using BFD version (GNU Binutils for Ubuntu) 2.36.1]
  ignore line: [COMPILER_PATH=/usr/lib/gcc/x86_64-linux-gnu/10/:/usr/lib/gcc/x86_64-linux-gnu/10/:/usr/lib/gcc/x86_64-linux-gnu/:/usr/lib/gcc/x86_64-linux-gnu/10/:/usr/lib/gcc/x86_64-linux-gnu/]
  ignore line: [LIBRARY_PATH=/usr/lib/gcc/x86_64-linux-gnu/10/:/usr/lib/gcc/x86_64-linux-gnu/10/../../../x86_64-linux-gnu/:/usr/lib/gcc/x86_64-linux-gnu/10/../../../../lib/:/lib/x86_64-linux-gnu/:/lib/../lib/:/usr/lib/x86_64-linux-gnu/:/usr/lib/../lib/:/usr/lib/gcc/x86_64-linux-gnu/10/../../../:/lib/:/usr/lib/]
  ignore line: [COLLECT_GCC_OPTIONS='-v' '-o' 'CMakeFiles/cmTC_70cec.dir/CMakeCXXCompilerABI.cpp.o' '-c' '-shared-libgcc' '-mtune=generic' '-march=x86-64']
  ignore line: [Linking CXX executable cmTC_70cec]
  ignore line: [/usr/bin/cmake -E cmake_link_script CMakeFiles/cmTC_70cec.dir/link.txt --verbose=1]
  ignore line: [/usr/bin/c++  -v CMakeFiles/cmTC_70cec.dir/CMakeCXXCompilerABI.cpp.o -o cmTC_70cec ]
  ignore line: [Using built-in specs.]
  ignore line: [COLLECT_GCC=/usr/bin/c++]
  ignore line: [COLLECT_LTO_WRAPPER=/usr/lib/gcc/x86_64-linux-gnu/10/lto-wrapper]
  ignore line: [OFFLOAD_TARGET_NAMES=nvptx-none:amdgcn-amdhsa:hsa]
  ignore line: [OFFLOAD_TARGET_DEFAULT=1]
  ignore line: [Target: x86_64-linux-gnu]
  ignore line: [Configured with: ../src/configure -v --with-pkgversion='Ubuntu 10.3.0-1ubuntu1' --with-bugurl=file:///usr/share/doc/gcc-10/README.Bugs --enable-languages=c ada c++ go brig d fortran objc obj-c++ m2 --prefix=/usr --with-gcc-major-version-only --program-suffix=-10 --program-prefix=x86_64-linux-gnu- --enable-shared --enable-linker-build-id --libexecdir=/usr/lib --without-included-gettext --enable-threads=posix --libdir=/usr/lib --enable-nls --enable-bootstrap --enable-clocale=gnu --enable-libstdcxx-debug --enable-libstdcxx-time=yes --with-default-libstdcxx-abi=new --enable-gnu-unique-object --disable-vtable-verify --enable-plugin --enable-default-pie --with-system-zlib --enable-libphobos-checking=release --with-target-system-zlib=auto --enable-objc-gc=auto --enable-multiarch --disable-werror --with-arch-32=i686 --with-abi=m64 --with-multilib-list=m32 m64 mx32 --enable-multilib --with-tune=generic --enable-offload-targets=nvptx-none=/build/gcc-10-gDeRY6/gcc-10-10.3.0/debian/tmp-nvptx/usr amdgcn-amdhsa=/build/gcc-10-gDeRY6/gcc-10-10.3.0/debian/tmp-gcn/usr hsa --without-cuda-driver --enable-checking=release --build=x86_64-linux-gnu --host=x86_64-linux-gnu --target=x86_64-linux-gnu --with-build-config=bootstrap-lto-lean --enable-link-mutex]
  ignore line: [Thread model: posix]
  ignore line: [Supported LTO compression algorithms: zlib zstd]
  ignore line: [gcc version 10.3.0 (Ubuntu 10.3.0-1ubuntu1) ]
  ignore line: [COMPILER_PATH=/usr/lib/gcc/x86_64-linux-gnu/10/:/usr/lib/gcc/x86_64-linux-gnu/10/:/usr/lib/gcc/x86_64-linux-gnu/:/usr/lib/gcc/x86_64-linux-gnu/10/:/usr/lib/gcc/x86_64-linux-gnu/]
  ignore line: [LIBRARY_PATH=/usr/lib/gcc/x86_64-linux-gnu/10/:/usr/lib/gcc/x86_64-linux-gnu/10/../../../x86_64-linux-gnu/:/usr/lib/gcc/x86_64-linux-gnu/10/../../../../lib/:/lib/x86_64-linux-gnu/:/lib/../lib/:/usr/lib/x86_64-linux-gnu/:/usr/lib/../lib/:/usr/lib/gcc/x86_64-linux-gnu/10/../../../:/lib/:/usr/lib/]
  ignore line: [COLLECT_GCC_OPTIONS='-v' '-o' 'cmTC_70cec' '-shared-libgcc' '-mtune=generic' '-march=x86-64']
  link line: [ /usr/lib/gcc/x86_64-linux-gnu/10/collect2 -plugin /usr/lib/gcc/x86_64-linux-gnu/10/liblto_plugin.so -plugin-opt=/usr/lib/gcc/x86_64-linux-gnu/10/lto-wrapper -plugin-opt=-fresolution=/tmp/cc3DvFDh.res -plugin-opt=-pass-through=-lgcc_s -plugin-opt=-pass-through=-lgcc -plugin-opt=-pass-through=-lc -plugin-opt=-pass-through=-lgcc_s -plugin-opt=-pass-through=-lgcc --build-id --eh-frame-hdr -m elf_x86_64 --hash-style=gnu --as-needed -dynamic-linker /lib64/ld-linux-x86-64.so.2 -pie -z now -z relro -o cmTC_70cec /usr/lib/gcc/x86_64-linux-gnu/10/../../../x86_64-linux-gnu/Scrt1.o /usr/lib/gcc/x86_64-linux-gnu/10/../../../x86_64-linux-gnu/crti.o /usr/lib/gcc/x86_64-linux-gnu/10/crtbeginS.o -L/usr/lib/gcc/x86_64-linux-gnu/10 -L/usr/lib/gcc/x86_64-linux-gnu/10/../../../x86_64-linux-gnu -L/usr/lib/gcc/x86_64-linux-gnu/10/../../../../lib -L/lib/x86_64-linux-gnu -L/lib/../lib -L/usr/lib/x86_64-linux-gnu -L/usr/lib/../lib -L/usr/lib/gcc/x86_64-linux-gnu/10/../../.. CMakeFiles/cmTC_70cec.dir/CMakeCXXCompilerABI.cpp.o -lstdc++ -lm -lgcc_s -lgcc -lc -lgcc_s -lgcc /usr/lib/gcc/x86_64-linux-gnu/10/crtendS.o /usr/lib/gcc/x86_64-linux-gnu/10/../../../x86_64-linux-gnu/crtn.o]
    arg [/usr/lib/gcc/x86_64-linux-gnu/10/collect2] ==> ignore
    arg [-plugin] ==> ignore
    arg [/usr/lib/gcc/x86_64-linux-gnu/10/liblto_plugin.so] ==> ignore
    arg [-plugin-opt=/usr/lib/gcc/x86_64-linux-gnu/10/lto-wrapper] ==> ignore
    arg [-plugin-opt=-fresolution=/tmp/cc3DvFDh.res] ==> ignore
    arg [-plugin-opt=-pass-through=-lgcc_s] ==> ignore
    arg [-plugin-opt=-pass-through=-lgcc] ==> ignore
    arg [-plugin-opt=-pass-through=-lc] ==> ignore
    arg [-plugin-opt=-pass-through=-lgcc_s] ==> ignore
    arg [-plugin-opt=-pass-through=-lgcc] ==> ignore
    arg [--build-id] ==> ignore
    arg [--eh-frame-hdr] ==> ignore
    arg [-m] ==> ignore
    arg [elf_x86_64] ==> ignore
    arg [--hash-style=gnu] ==> ignore
    arg [--as-needed] ==> ignore
    arg [-dynamic-linker] ==> ignore
    arg [/lib64/ld-linux-x86-64.so.2] ==> ignore
    arg [-pie] ==> ignore
    arg [-znow] ==> ignore
    arg [-zrelro] ==> ignore
    arg [-o] ==> ignore
    arg [cmTC_70cec] ==> ignore
    arg [/usr/lib/gcc/x86_64-linux-gnu/10/../../../x86_64-linux-gnu/Scrt1.o] ==> ignore
    arg [/usr/lib/gcc/x86_64-linux-gnu/10/../../../x86_64-linux-gnu/crti.o] ==> ignore
    arg [/usr/lib/gcc/x86_64-linux-gnu/10/crtbeginS.o] ==> ignore
    arg [-L/usr/lib/gcc/x86_64-linux-gnu/10] ==> dir [/usr/lib/gcc/x86_64-linux-gnu/10]
    arg [-L/usr/lib/gcc/x86_64-linux-gnu/10/../../../x86_64-linux-gnu] ==> dir [/usr/lib/gcc/x86_64-linux-gnu/10/../../../x86_64-linux-gnu]
    arg [-L/usr/lib/gcc/x86_64-linux-gnu/10/../../../../lib] ==> dir [/usr/lib/gcc/x86_64-linux-gnu/10/../../../../lib]
    arg [-L/lib/x86_64-linux-gnu] ==> dir [/lib/x86_64-linux-gnu]
    arg [-L/lib/../lib] ==> dir [/lib/../lib]
    arg [-L/usr/lib/x86_64-linux-gnu] ==> dir [/usr/lib/x86_64-linux-gnu]
    arg [-L/usr/lib/../lib] ==> dir [/usr/lib/../lib]
    arg [-L/usr/lib/gcc/x86_64-linux-gnu/10/../../..] ==> dir [/usr/lib/gcc/x86_64-linux-gnu/10/../../..]
    arg [CMakeFiles/cmTC_70cec.dir/CMakeCXXCompilerABI.cpp.o] ==> ignore
    arg [-lstdc++] ==> lib [stdc++]
    arg [-lm] ==> lib [m]
    arg [-lgcc_s] ==> lib [gcc_s]
    arg [-lgcc] ==> lib [gcc]
    arg [-lc] ==> lib [c]
    arg [-lgcc_s] ==> lib [gcc_s]
    arg [-lgcc] ==> lib [gcc]
    arg [/usr/lib/gcc/x86_64-linux-gnu/10/crtendS.o] ==> ignore
    arg [/usr/lib/gcc/x86_64-linux-gnu/10/../../../x86_64-linux-gnu/crtn.o] ==> ignore
  collapse library dir [/usr/lib/gcc/x86_64-linux-gnu/10] ==> [/usr/lib/gcc/x86_64-linux-gnu/10]
  collapse library dir [/usr/lib/gcc/x86_64-linux-gnu/10/../../../x86_64-linux-gnu] ==> [/usr/lib/x86_64-linux-gnu]
  collapse library dir [/usr/lib/gcc/x86_64-linux-gnu/10/../../../../lib] ==> [/usr/lib]
  collapse library dir [/lib/x86_64-linux-gnu] ==> [/lib/x86_64-linux-gnu]
  collapse library dir [/lib/../lib] ==> [/lib]
  collapse library dir [/usr/lib/x86_64-linux-gnu] ==> [/usr/lib/x86_64-linux-gnu]
  collapse library dir [/usr/lib/../lib] ==> [/usr/lib]
  collapse library dir [/usr/lib/gcc/x86_64-linux-gnu/10/../../..] ==> [/usr/lib]
  implicit libs: [stdc++;m;gcc_s;gcc;c;gcc_s;gcc]
  implicit dirs: [/usr/lib/gcc/x86_64-linux-gnu/10;/usr/lib/x86_64-linux-gnu;/usr/lib;/lib/x86_64-linux-gnu;/lib]
  implicit fwks: []


Performing C++ SOURCE FILE Test HAVE_GCC_STD=C__11__MARCH=NATIVE__WALL__WEXTRA__DNDEBUG succeeded with the following output:
Change Dir: /home/cuyigoldo/Dropbox/Doctorado/comprimidas/programa/build/CMakeFiles/CMakeTmp

Run Build Command(s):/usr/bin/gmake cmTC_77321/fast && /usr/bin/gmake  -f CMakeFiles/cmTC_77321.dir/build.make CMakeFiles/cmTC_77321.dir/build
gmake[1]: Entering directory '/home/cuyigoldo/Dropbox/Doctorado/comprimidas/programa/build/CMakeFiles/CMakeTmp'
Building CXX object CMakeFiles/cmTC_77321.dir/src.cxx.o
/usr/bin/c++   -DHAVE_GCC_STD=C__11__MARCH=NATIVE__WALL__WEXTRA__DNDEBUG -std=c++11 -march=native -Wall -Wextra -DNDEBUG -o CMakeFiles/cmTC_77321.dir/src.cxx.o -c /home/cuyigoldo/Dropbox/Doctorado/comprimidas/programa/build/CMakeFiles/CMakeTmp/src.cxx
Linking CXX executable cmTC_77321
/usr/bin/cmake -E cmake_link_script CMakeFiles/cmTC_77321.dir/link.txt --verbose=1
/usr/bin/c++  -DHAVE_GCC_STD=C__11__MARCH=NATIVE__WALL__WEXTRA__DNDEBUG -std=c++11 -march=native -Wall -Wextra -DNDEBUG -rdynamic CMakeFiles/cmTC_77321.dir/src.cxx.o -o cmTC_77321 
gmake[1]: Leaving directory '/home/cuyigoldo/Dropbox/Doctorado/comprimidas/programa/build/CMakeFiles/CMakeTmp'


Source file was:
int main() { return 0; }
Performing C++ SOURCE FILE Test HAVE_GCC_O3__FFAST_MATH__FUNROLL_LOOPS succeeded with the following output:
Change Dir: /home/cuyigoldo/Dropbox/Doctorado/comprimidas/programa/build/CMakeFiles/CMakeTmp

Run Build Command(s):/usr/bin/gmake cmTC_8b348/fast && /usr/bin/gmake  -f CMakeFiles/cmTC_8b348.dir/build.make CMakeFiles/cmTC_8b348.dir/build
gmake[1]: Entering directory '/home/cuyigoldo/Dropbox/Doctorado/comprimidas/programa/build/CMakeFiles/CMakeTmp'
Building CXX object CMakeFiles/cmTC_8b348.dir/src.cxx.o
/usr/bin/c++   -std=c++11 -march=native -Wall -Wextra -DNDEBUG -DHAVE_GCC_O3__FFAST_MATH__FUNROLL_LOOPS -O3 -ffast-math -funroll-loops -o CMakeFiles/cmTC_8b348.dir/src.cxx.o -c /home/cuyigoldo/Dropbox/Doctorado/comprimidas/programa/build/CMakeFiles/CMakeTmp/src.cxx
Linking CXX executable cmTC_8b348
/usr/bin/cmake -E cmake_link_script CMakeFiles/cmTC_8b348.dir/link.txt --verbose=1
/usr/bin/c++  -std=c++11 -march=native -Wall -Wextra -DNDEBUG -DHAVE_GCC_O3__FFAST_MATH__FUNROLL_LOOPS -O3 -ffast-math -funroll-loops -rdynamic CMakeFiles/cmTC_8b348.dir/src.cxx.o -o cmTC_8b348 
gmake[1]: Leaving directory '/home/cuyigoldo/Dropbox/Doctorado/comprimidas/programa/build/CMakeFiles/CMakeTmp'


Source file was:
int main() { return 0; }
Performing C++ SOURCE FILE Test HAVE_GCC_MSSE4.2 succeeded with the following output:
Change Dir: /home/cuyigoldo/Dropbox/Doctorado/comprimidas/programa/build/CMakeFiles/CMakeTmp

Run Build Command(s):/usr/bin/gmake cmTC_7254e/fast && /usr/bin/gmake  -f CMakeFiles/cmTC_7254e.dir/build.make CMakeFiles/cmTC_7254e.dir/build
gmake[1]: Entering directory '/home/cuyigoldo/Dropbox/Doctorado/comprimidas/programa/build/CMakeFiles/CMakeTmp'
Building CXX object CMakeFiles/cmTC_7254e.dir/src.cxx.o
/usr/bin/c++   -std=c++11 -march=native -Wall -Wextra -DNDEBUG -DHAVE_GCC_MSSE4.2 -msse4.2 -o CMakeFiles/cmTC_7254e.dir/src.cxx.o -c /home/cuyigoldo/Dropbox/Doctorado/comprimidas/programa/build/CMakeFiles/CMakeTmp/src.cxx
<command-line>: warning: ISO C++11 requires whitespace after the macro name
Linking CXX executable cmTC_7254e
/usr/bin/cmake -E cmake_link_script CMakeFiles/cmTC_7254e.dir/link.txt --verbose=1
/usr/bin/c++  -std=c++11 -march=native -Wall -Wextra -DNDEBUG -DHAVE_GCC_MSSE4.2 -msse4.2 -rdynamic CMakeFiles/cmTC_7254e.dir/src.cxx.o -o cmTC_7254e 
gmake[1]: Leaving directory '/home/cuyigoldo/Dropbox/Doctorado/comprimidas/programa/build/CMakeFiles/CMakeTmp'


Source file was:
int main() { return 0; }
Performing C++ SOURCE FILE Test HAVE_CXA_DEMANGLE succeeded with the following output:
Change Dir: /home/cuyigoldo/Dropbox/Doctorado/comprimidas/programa/build/CMakeFiles/CMakeTmp

Run Build Command(s):/usr/bin/gmake cmTC_bd6d8/fast && /usr/bin/gmake  -f CMakeFiles/cmTC_bd6d8.dir/build.make CMakeFiles/cmTC_bd6d8.dir/build
gmake[1]: Entering directory '/home/cuyigoldo/Dropbox/Doctorado/comprimidas/programa/build/CMakeFiles/CMakeTmp'
Building CXX object CMakeFiles/cmTC_bd6d8.dir/src.cxx.o
/usr/bin/c++   -std=c++11 -march=native -Wall -Wextra -DNDEBUG -DHAVE_CXA_DEMANGLE -o CMakeFiles/cmTC_bd6d8.dir/src.cxx.o -c /home/cuyigoldo/Dropbox/Doctorado/comprimidas/programa/build/CMakeFiles/CMakeTmp/src.cxx
/home/cuyigoldo/Dropbox/Doctorado/comprimidas/programa/build/CMakeFiles/CMakeTmp/src.cxx: In function ‘int main()’:
/home/cuyigoldo/Dropbox/Doctorado/comprimidas/programa/build/CMakeFiles/CMakeTmp/src.cxx:6:11: warning: unused variable ‘demangled’ [-Wunused-variable]
    6 |     char *demangled = abi::__cxa_demangle( foo, 0, 0, &status );
      |           ^~~~~~~~~
Linking CXX executable cmTC_bd6d8
/usr/bin/cmake -E cmake_link_script CMakeFiles/cmTC_bd6d8.dir/link.txt --verbose=1
/usr/bin/c++  -std=c++11 -march=native -Wall -Wextra -DNDEBUG -DHAVE_CXA_DEMANGLE -rdynamic CMakeFiles/cmTC_bd6d8.dir/src.cxx.o -o cmTC_bd6d8 
gmake[1]: Leaving directory '/home/cuyigoldo/Dropbox/Doctorado/comprimidas/programa/build/CMakeFiles/CMakeTmp'


Source file was:
#include <cxxabi.h>
int main(void){
    int foobar = 0;
    const char *foo = typeid(foobar).name();
    int status;
    char *demangled = abi::__cxa_demangle( foo, 0, 0, &status );
}
Performing C++ SOURCE FILE Test HAVE_GCC_DHAVE_CXA_DEMANGLE succeeded with the following output:
Change Dir: /home/cuyigoldo/Dropbox/Doctorado/comprimidas/programa/build/CMakeFiles/CMakeTmp

Run Build Command(s):/usr/bin/gmake cmTC_f6ec6/fast && /usr/bin/gmake  -f CMakeFiles/cmTC_f6ec6.dir/build.make CMakeFiles/cmTC_f6ec6.dir/build
gmake[1]: Entering directory '/home/cuyigoldo/Dropbox/Doctorado/comprimidas/programa/build/CMakeFiles/CMakeTmp'
Building CXX object CMakeFiles/cmTC_f6ec6.dir/src.cxx.o
/usr/bin/c++   -std=c++11 -march=native -Wall -Wextra -DNDEBUG -DHAVE_GCC_DHAVE_CXA_DEMANGLE -DHAVE_CXA_DEMANGLE -o CMakeFiles/cmTC_f6ec6.dir/src.cxx.o -c /home/cuyigoldo/Dropbox/Doctorado/comprimidas/programa/build/CMakeFiles/CMakeTmp/src.cxx
Linking CXX executable cmTC_f6ec6
/usr/bin/cmake -E cmake_link_script CMakeFiles/cmTC_f6ec6.dir/link.txt --verbose=1
/usr/bin/c++  -std=c++11 -march=native -Wall -Wextra -DNDEBUG -DHAVE_GCC_DHAVE_CXA_DEMANGLE -DHAVE_CXA_DEMANGLE -rdynamic CMakeFiles/cmTC_f6ec6.dir/src.cxx.o -o cmTC_f6ec6 
gmake[1]: Leaving directory '/home/cuyigoldo/Dropbox/Doctorado/comprimidas/programa/build/CMakeFiles/CMakeTmp'


Source file was:
int main() { return 0; }
Performing C SOURCE FILE Test HAVE_GCC_WALL succeeded with the following output:
Change Dir: /home/cuyigoldo/Dropbox/Doctorado/comprimidas/programa/build/CMakeFiles/CMakeTmp

Run Build Command(s):/usr/bin/gmake cmTC_e0bfb/fast && /usr/bin/gmake  -f CMakeFiles/cmTC_e0bfb.dir/build.make CMakeFiles/cmTC_e0bfb.dir/build
gmake[1]: Entering directory '/home/cuyigoldo/Dropbox/Doctorado/comprimidas/programa/build/CMakeFiles/CMakeTmp'
Building C object CMakeFiles/cmTC_e0bfb.dir/src.c.o
/usr/bin/cc   -DHAVE_GCC_WALL -Wall -o CMakeFiles/cmTC_e0bfb.dir/src.c.o -c /home/cuyigoldo/Dropbox/Doctorado/comprimidas/programa/build/CMakeFiles/CMakeTmp/src.c
Linking C executable cmTC_e0bfb
/usr/bin/cmake -E cmake_link_script CMakeFiles/cmTC_e0bfb.dir/link.txt --verbose=1
/usr/bin/cc  -DHAVE_GCC_WALL -Wall -rdynamic CMakeFiles/cmTC_e0bfb.dir/src.c.o -o cmTC_e0bfb 
gmake[1]: Leaving directory '/home/cuyigoldo/Dropbox/Doctorado/comprimidas/programa/build/CMakeFiles/CMakeTmp'


Source file was:
int main() { return 0; }
Performing C SOURCE FILE Test HAVE_GCC_FOMIT_FRAME_POINTER succeeded with the following output:
Change Dir: /home/cuyigoldo/Dropbox/Doctorado/comprimidas/programa/build/CMakeFiles/CMakeTmp

Run Build Command(s):/usr/bin/gmake cmTC_2b854/fast && /usr/bin/gmake  -f CMakeFiles/cmTC_2b854.dir/build.make CMakeFiles/cmTC_2b854.dir/build
gmake[1]: Entering directory '/home/cuyigoldo/Dropbox/Doctorado/comprimidas/programa/build/CMakeFiles/CMakeTmp'
Building C object CMakeFiles/cmTC_2b854.dir/src.c.o
/usr/bin/cc   -Wall -DHAVE_GCC_FOMIT_FRAME_POINTER -fomit-frame-pointer -o CMakeFiles/cmTC_2b854.dir/src.c.o -c /home/cuyigoldo/Dropbox/Doctorado/comprimidas/programa/build/CMakeFiles/CMakeTmp/src.c
Linking C executable cmTC_2b854
/usr/bin/cmake -E cmake_link_script CMakeFiles/cmTC_2b854.dir/link.txt --verbose=1
/usr/bin/cc  -Wall -DHAVE_GCC_FOMIT_FRAME_POINTER -fomit-frame-pointer -rdynamic CMakeFiles/cmTC_2b854.dir/src.c.o -o cmTC_2b854 
gmake[1]: Leaving directory '/home/cuyigoldo/Dropbox/Doctorado/comprimidas/programa/build/CMakeFiles/CMakeTmp'


Source file was:
int main() { return 0; }
Determining if the include file inttypes.h exists passed with the following output:
Change Dir: /home/cuyigoldo/Dropbox/Doctorado/comprimidas/programa/build/CMakeFiles/CMakeTmp

Run Build Command(s):/usr/bin/gmake cmTC_07063/fast && /usr/bin/gmake  -f CMakeFiles/cmTC_07063.dir/build.make CMakeFiles/cmTC_07063.dir/build
gmake[1]: Entering directory '/home/cuyigoldo/Dropbox/Doctorado/comprimidas/programa/build/CMakeFiles/CMakeTmp'
Building C object CMakeFiles/cmTC_07063.dir/CheckIncludeFile.c.o
/usr/bin/cc   -Wall  -o CMakeFiles/cmTC_07063.dir/CheckIncludeFile.c.o -c /home/cuyigoldo/Dropbox/Doctorado/comprimidas/programa/build/CMakeFiles/CMakeTmp/CheckIncludeFile.c
Linking C executable cmTC_07063
/usr/bin/cmake -E cmake_link_script CMakeFiles/cmTC_07063.dir/link.txt --verbose=1
/usr/bin/cc  -Wall  -rdynamic CMakeFiles/cmTC_07063.dir/CheckIncludeFile.c.o -o cmTC_07063 
gmake[1]: Leaving directory '/home/cuyigoldo/Dropbox/Doctorado/comprimidas/programa/build/CMakeFiles/CMakeTmp'



Determining if the include file memory.h exists passed with the following output:
Change Dir: /home/cuyigoldo/Dropbox/Doctorado/comprimidas/programa/build/CMakeFiles/CMakeTmp

Run Build Command(s):/usr/bin/gmake cmTC_46528/fast && /usr/bin/gmake  -f CMakeFiles/cmTC_46528.dir/build.make CMakeFiles/cmTC_46528.dir/build
gmake[1]: Entering directory '/home/cuyigoldo/Dropbox/Doctorado/comprimidas/programa/build/CMakeFiles/CMakeTmp'
Building C object CMakeFiles/cmTC_46528.dir/CheckIncludeFile.c.o
/usr/bin/cc   -Wall  -o CMakeFiles/cmTC_46528.dir/CheckIncludeFile.c.o -c /home/cuyigoldo/Dropbox/Doctorado/comprimidas/programa/build/CMakeFiles/CMakeTmp/CheckIncludeFile.c
Linking C executable cmTC_46528
/usr/bin/cmake -E cmake_link_script CMakeFiles/cmTC_46528.dir/link.txt --verbose=1
/usr/bin/cc  -Wall  -rdynamic CMakeFiles/cmTC_46528.dir/CheckIncludeFile.c.o -o cmTC_46528 
gmake[1]: Leaving directory '/home/cuyigoldo/Dropbox/Doctorado/comprimidas/programa/build/CMakeFiles/CMakeTmp'



Determining if the include file stddef.h exists passed with the following output:
Change Dir: /home/cuyigoldo/Dropbox/Doctorado/comprimidas/programa/build/CMakeFiles/CMakeTmp

Run Build Command(s):/usr/bin/gmake cmTC_5d8b0/fast && /usr/bin/gmake  -f CMakeFiles/cmTC_5d8b0.dir/build.make CMakeFiles/cmTC_5d8b0.dir/build
gmake[1]: Entering directory '/home/cuyigoldo/Dropbox/Doctorado/comprimidas/programa/build/CMakeFiles/CMakeTmp'
Building C object CMakeFiles/cmTC_5d8b0.dir/CheckIncludeFile.c.o
/usr/bin/cc   -Wall  -o CMakeFiles/cmTC_5d8b0.dir/CheckIncludeFile.c.o -c /home/cuyigoldo/Dropbox/Doctorado/comprimidas/programa/build/CMakeFiles/CMakeTmp/CheckIncludeFile.c
Linking C executable cmTC_5d8b0
/usr/bin/cmake -E cmake_link_script CMakeFiles/cmTC_5d8b0.dir/link.txt --verbose=1
/usr/bin/cc  -Wall  -rdynamic CMakeFiles/cmTC_5d8b0.dir/CheckIncludeFile.c.o -o cmTC_5d8b0 
gmake[1]: Leaving directory '/home/cuyigoldo/Dropbox/Doctorado/comprimidas/programa/build/CMakeFiles/CMakeTmp'



Determining if the include file stdint.h exists passed with the following output:
Change Dir: /home/cuyigoldo/Dropbox/Doctorado/comprimidas/programa/build/CMakeFiles/CMakeTmp

Run Build Command(s):/usr/bin/gmake cmTC_d7527/fast && /usr/bin/gmake  -f CMakeFiles/cmTC_d7527.dir/build.make CMakeFiles/cmTC_d7527.dir/build
gmake[1]: Entering directory '/home/cuyigoldo/Dropbox/Doctorado/comprimidas/programa/build/CMakeFiles/CMakeTmp'
Building C object CMakeFiles/cmTC_d7527.dir/CheckIncludeFile.c.o
/usr/bin/cc   -Wall  -o CMakeFiles/cmTC_d7527.dir/CheckIncludeFile.c.o -c /home/cuyigoldo/Dropbox/Doctorado/comprimidas/programa/build/CMakeFiles/CMakeTmp/CheckIncludeFile.c
Linking C executable cmTC_d7527
/usr/bin/cmake -E cmake_link_script CMakeFiles/cmTC_d7527.dir/link.txt --verbose=1
/usr/bin/cc  -Wall  -rdynamic CMakeFiles/cmTC_d7527.dir/CheckIncludeFile.c.o -o cmTC_d7527 
gmake[1]: Leaving directory '/home/cuyigoldo/Dropbox/Doctorado/comprimidas/programa/build/CMakeFiles/CMakeTmp'



Determining if the include file stdlib.h exists passed with the following output:
Change Dir: /home/cuyigoldo/Dropbox/Doctorado/comprimidas/programa/build/CMakeFiles/CMakeTmp

Run Build Command(s):/usr/bin/gmake cmTC_8e095/fast && /usr/bin/gmake  -f CMakeFiles/cmTC_8e095.dir/build.make CMakeFiles/cmTC_8e095.dir/build
gmake[1]: Entering directory '/home/cuyigoldo/Dropbox/Doctorado/comprimidas/programa/build/CMakeFiles/CMakeTmp'
Building C object CMakeFiles/cmTC_8e095.dir/CheckIncludeFile.c.o
/usr/bin/cc   -Wall  -o CMakeFiles/cmTC_8e095.dir/CheckIncludeFile.c.o -c /home/cuyigoldo/Dropbox/Doctorado/comprimidas/programa/build/CMakeFiles/CMakeTmp/CheckIncludeFile.c
Linking C executable cmTC_8e095
/usr/bin/cmake -E cmake_link_script CMakeFiles/cmTC_8e095.dir/link.txt --verbose=1
/usr/bin/cc  -Wall  -rdynamic CMakeFiles/cmTC_8e095.dir/CheckIncludeFile.c.o -o cmTC_8e095 
gmake[1]: Leaving directory '/home/cuyigoldo/Dropbox/Doctorado/comprimidas/programa/build/CMakeFiles/CMakeTmp'



Determining if the include file string.h exists passed with the following output:
Change Dir: /home/cuyigoldo/Dropbox/Doctorado/comprimidas/programa/build/CMakeFiles/CMakeTmp

Run Build Command(s):/usr/bin/gmake cmTC_7165b/fast && /usr/bin/gmake  -f CMakeFiles/cmTC_7165b.dir/build.make CMakeFiles/cmTC_7165b.dir/build
gmake[1]: Entering directory '/home/cuyigoldo/Dropbox/Doctorado/comprimidas/programa/build/CMakeFiles/CMakeTmp'
Building C object CMakeFiles/cmTC_7165b.dir/CheckIncludeFile.c.o
/usr/bin/cc   -Wall  -o CMakeFiles/cmTC_7165b.dir/CheckIncludeFile.c.o -c /home/cuyigoldo/Dropbox/Doctorado/comprimidas/programa/build/CMakeFiles/CMakeTmp/CheckIncludeFile.c
Linking C executable cmTC_7165b
/usr/bin/cmake -E cmake_link_script CMakeFiles/cmTC_7165b.dir/link.txt --verbose=1
/usr/bin/cc  -Wall  -rdynamic CMakeFiles/cmTC_7165b.dir/CheckIncludeFile.c.o -o cmTC_7165b 
gmake[1]: Leaving directory '/home/cuyigoldo/Dropbox/Doctorado/comprimidas/programa/build/CMakeFiles/CMakeTmp'



Determining if the include file strings.h exists passed with the following output:
Change Dir: /home/cuyigoldo/Dropbox/Doctorado/comprimidas/programa/build/CMakeFiles/CMakeTmp

Run Build Command(s):/usr/bin/gmake cmTC_92c3c/fast && /usr/bin/gmake  -f CMakeFiles/cmTC_92c3c.dir/build.make CMakeFiles/cmTC_92c3c.dir/build
gmake[1]: Entering directory '/home/cuyigoldo/Dropbox/Doctorado/comprimidas/programa/build/CMakeFiles/CMakeTmp'
Building C object CMakeFiles/cmTC_92c3c.dir/CheckIncludeFile.c.o
/usr/bin/cc   -Wall  -o CMakeFiles/cmTC_92c3c.dir/CheckIncludeFile.c.o -c /home/cuyigoldo/Dropbox/Doctorado/comprimidas/programa/build/CMakeFiles/CMakeTmp/CheckIncludeFile.c
Linking C executable cmTC_92c3c
/usr/bin/cmake -E cmake_link_script CMakeFiles/cmTC_92c3c.dir/link.txt --verbose=1
/usr/bin/cc  -Wall  -rdynamic CMakeFiles/cmTC_92c3c.dir/CheckIncludeFile.c.o -o cmTC_92c3c 
gmake[1]: Leaving directory '/home/cuyigoldo/Dropbox/Doctorado/comprimidas/programa/build/CMakeFiles/CMakeTmp'



Determining if the include file sys/types.h exists passed with the following output:
Change Dir: /home/cuyigoldo/Dropbox/Doctorado/comprimidas/programa/build/CMakeFiles/CMakeTmp

Run Build Command(s):/usr/bin/gmake cmTC_c244d/fast && /usr/bin/gmake  -f CMakeFiles/cmTC_c244d.dir/build.make CMakeFiles/cmTC_c244d.dir/build
gmake[1]: Entering directory '/home/cuyigoldo/Dropbox/Doctorado/comprimidas/programa/build/CMakeFiles/CMakeTmp'
Building C object CMakeFiles/cmTC_c244d.dir/CheckIncludeFile.c.o
/usr/bin/cc   -Wall  -o CMakeFiles/cmTC_c244d.dir/CheckIncludeFile.c.o -c /home/cuyigoldo/Dropbox/Doctorado/comprimidas/programa/build/CMakeFiles/CMakeTmp/CheckIncludeFile.c
Linking C executable cmTC_c244d
/usr/bin/cmake -E cmake_link_script CMakeFiles/cmTC_c244d.dir/link.txt --verbose=1
/usr/bin/cc  -Wall  -rdynamic CMakeFiles/cmTC_c244d.dir/CheckIncludeFile.c.o -o cmTC_c244d 
gmake[1]: Leaving directory '/home/cuyigoldo/Dropbox/Doctorado/comprimidas/programa/build/CMakeFiles/CMakeTmp'



Performing C SOURCE FILE Test HAVE_INLINE succeeded with the following output:
Change Dir: /home/cuyigoldo/Dropbox/Doctorado/comprimidas/programa/build/CMakeFiles/CMakeTmp

Run Build Command(s):/usr/bin/gmake cmTC_d03b4/fast && /usr/bin/gmake  -f CMakeFiles/cmTC_d03b4.dir/build.make CMakeFiles/cmTC_d03b4.dir/build
gmake[1]: Entering directory '/home/cuyigoldo/Dropbox/Doctorado/comprimidas/programa/build/CMakeFiles/CMakeTmp'
Building C object CMakeFiles/cmTC_d03b4.dir/src.c.o
/usr/bin/cc   -Wall -DHAVE_INLINE -o CMakeFiles/cmTC_d03b4.dir/src.c.o -c /home/cuyigoldo/Dropbox/Doctorado/comprimidas/programa/build/CMakeFiles/CMakeTmp/src.c
Linking C executable cmTC_d03b4
/usr/bin/cmake -E cmake_link_script CMakeFiles/cmTC_d03b4.dir/link.txt --verbose=1
/usr/bin/cc  -Wall -DHAVE_INLINE -rdynamic CMakeFiles/cmTC_d03b4.dir/src.c.o -o cmTC_d03b4 
gmake[1]: Leaving directory '/home/cuyigoldo/Dropbox/Doctorado/comprimidas/programa/build/CMakeFiles/CMakeTmp'


Source file was:
inline void func(); void func() { } int main() { func(); return 0; }
Performing C SOURCE FILE Test HAVE___INLINE succeeded with the following output:
Change Dir: /home/cuyigoldo/Dropbox/Doctorado/comprimidas/programa/build/CMakeFiles/CMakeTmp

Run Build Command(s):/usr/bin/gmake cmTC_65072/fast && /usr/bin/gmake  -f CMakeFiles/cmTC_65072.dir/build.make CMakeFiles/cmTC_65072.dir/build
gmake[1]: Entering directory '/home/cuyigoldo/Dropbox/Doctorado/comprimidas/programa/build/CMakeFiles/CMakeTmp'
Building C object CMakeFiles/cmTC_65072.dir/src.c.o
/usr/bin/cc   -Wall -DHAVE___INLINE -o CMakeFiles/cmTC_65072.dir/src.c.o -c /home/cuyigoldo/Dropbox/Doctorado/comprimidas/programa/build/CMakeFiles/CMakeTmp/src.c
Linking C executable cmTC_65072
/usr/bin/cmake -E cmake_link_script CMakeFiles/cmTC_65072.dir/link.txt --verbose=1
/usr/bin/cc  -Wall -DHAVE___INLINE -rdynamic CMakeFiles/cmTC_65072.dir/src.c.o -o cmTC_65072 
gmake[1]: Leaving directory '/home/cuyigoldo/Dropbox/Doctorado/comprimidas/programa/build/CMakeFiles/CMakeTmp'


Source file was:
__inline void func(); void func() { } int main() { func(); return 0; }
Performing C SOURCE FILE Test HAVE___INLINE__ succeeded with the following output:
Change Dir: /home/cuyigoldo/Dropbox/Doctorado/comprimidas/programa/build/CMakeFiles/CMakeTmp

Run Build Command(s):/usr/bin/gmake cmTC_e3a79/fast && /usr/bin/gmake  -f CMakeFiles/cmTC_e3a79.dir/build.make CMakeFiles/cmTC_e3a79.dir/build
gmake[1]: Entering directory '/home/cuyigoldo/Dropbox/Doctorado/comprimidas/programa/build/CMakeFiles/CMakeTmp'
Building C object CMakeFiles/cmTC_e3a79.dir/src.c.o
/usr/bin/cc   -Wall -DHAVE___INLINE__ -o CMakeFiles/cmTC_e3a79.dir/src.c.o -c /home/cuyigoldo/Dropbox/Doctorado/comprimidas/programa/build/CMakeFiles/CMakeTmp/src.c
Linking C executable cmTC_e3a79
/usr/bin/cmake -E cmake_link_script CMakeFiles/cmTC_e3a79.dir/link.txt --verbose=1
/usr/bin/cc  -Wall -DHAVE___INLINE__ -rdynamic CMakeFiles/cmTC_e3a79.dir/src.c.o -o cmTC_e3a79 
gmake[1]: Leaving directory '/home/cuyigoldo/Dropbox/Doctorado/comprimidas/programa/build/CMakeFiles/CMakeTmp'


Source file was:
__inline__ void func(); void func() { } int main() { func(); return 0; }
Determining size of uint8_t passed with the following output:
Change Dir: /home/cuyigoldo/Dropbox/Doctorado/comprimidas/programa/build/CMakeFiles/CMakeTmp

Run Build Command(s):/usr/bin/gmake cmTC_c9d20/fast && /usr/bin/gmake  -f CMakeFiles/cmTC_c9d20.dir/build.make CMakeFiles/cmTC_c9d20.dir/build
gmake[1]: Entering directory '/home/cuyigoldo/Dropbox/Doctorado/comprimidas/programa/build/CMakeFiles/CMakeTmp'
Building C object CMakeFiles/cmTC_c9d20.dir/UINT8_T.c.o
/usr/bin/cc   -Wall  -o CMakeFiles/cmTC_c9d20.dir/UINT8_T.c.o -c /home/cuyigoldo/Dropbox/Doctorado/comprimidas/programa/build/CMakeFiles/CheckTypeSize/UINT8_T.c
Linking C executable cmTC_c9d20
/usr/bin/cmake -E cmake_link_script CMakeFiles/cmTC_c9d20.dir/link.txt --verbose=1
/usr/bin/cc  -Wall  -rdynamic CMakeFiles/cmTC_c9d20.dir/UINT8_T.c.o -o cmTC_c9d20 
gmake[1]: Leaving directory '/home/cuyigoldo/Dropbox/Doctorado/comprimidas/programa/build/CMakeFiles/CMakeTmp'



Determining size of int32_t passed with the following output:
Change Dir: /home/cuyigoldo/Dropbox/Doctorado/comprimidas/programa/build/CMakeFiles/CMakeTmp

Run Build Command(s):/usr/bin/gmake cmTC_d7e73/fast && /usr/bin/gmake  -f CMakeFiles/cmTC_d7e73.dir/build.make CMakeFiles/cmTC_d7e73.dir/build
gmake[1]: Entering directory '/home/cuyigoldo/Dropbox/Doctorado/comprimidas/programa/build/CMakeFiles/CMakeTmp'
Building C object CMakeFiles/cmTC_d7e73.dir/INT32_T.c.o
/usr/bin/cc   -Wall  -o CMakeFiles/cmTC_d7e73.dir/INT32_T.c.o -c /home/cuyigoldo/Dropbox/Doctorado/comprimidas/programa/build/CMakeFiles/CheckTypeSize/INT32_T.c
Linking C executable cmTC_d7e73
/usr/bin/cmake -E cmake_link_script CMakeFiles/cmTC_d7e73.dir/link.txt --verbose=1
/usr/bin/cc  -Wall  -rdynamic CMakeFiles/cmTC_d7e73.dir/INT32_T.c.o -o cmTC_d7e73 
gmake[1]: Leaving directory '/home/cuyigoldo/Dropbox/Doctorado/comprimidas/programa/build/CMakeFiles/CMakeTmp'



Determining if the PRId32 exist passed with the following output:
Change Dir: /home/cuyigoldo/Dropbox/Doctorado/comprimidas/programa/build/CMakeFiles/CMakeTmp

Run Build Command(s):/usr/bin/gmake cmTC_c73d0/fast && /usr/bin/gmake  -f CMakeFiles/cmTC_c73d0.dir/build.make CMakeFiles/cmTC_c73d0.dir/build
gmake[1]: Entering directory '/home/cuyigoldo/Dropbox/Doctorado/comprimidas/programa/build/CMakeFiles/CMakeTmp'
Building C object CMakeFiles/cmTC_c73d0.dir/CheckSymbolExists.c.o
/usr/bin/cc   -Wall  -o CMakeFiles/cmTC_c73d0.dir/CheckSymbolExists.c.o -c /home/cuyigoldo/Dropbox/Doctorado/comprimidas/programa/build/CMakeFiles/CMakeTmp/CheckSymbolExists.c
Linking C executable cmTC_c73d0
/usr/bin/cmake -E cmake_link_script CMakeFiles/cmTC_c73d0.dir/link.txt --verbose=1
/usr/bin/cc  -Wall  -rdynamic CMakeFiles/cmTC_c73d0.dir/CheckSymbolExists.c.o -o cmTC_c73d0 
gmake[1]: Leaving directory '/home/cuyigoldo/Dropbox/Doctorado/comprimidas/programa/build/CMakeFiles/CMakeTmp'


File /home/cuyigoldo/Dropbox/Doctorado/comprimidas/programa/build/CMakeFiles/CMakeTmp/CheckSymbolExists.c:
/* */
#include <inttypes.h>

int main(int argc, char** argv)
{
  (void)argv;
#ifndef PRId32
  return ((int*)(&PRId32))[argc];
#else
  (void)argc;
  return 0;
#endif
}
Determining size of int64_t passed with the following output:
Change Dir: /home/cuyigoldo/Dropbox/Doctorado/comprimidas/programa/build/CMakeFiles/CMakeTmp

Run Build Command(s):/usr/bin/gmake cmTC_934d9/fast && /usr/bin/gmake  -f CMakeFiles/cmTC_934d9.dir/build.make CMakeFiles/cmTC_934d9.dir/build
gmake[1]: Entering directory '/home/cuyigoldo/Dropbox/Doctorado/comprimidas/programa/build/CMakeFiles/CMakeTmp'
Building C object CMakeFiles/cmTC_934d9.dir/INT64_T.c.o
/usr/bin/cc   -Wall  -o CMakeFiles/cmTC_934d9.dir/INT64_T.c.o -c /home/cuyigoldo/Dropbox/Doctorado/comprimidas/programa/build/CMakeFiles/CheckTypeSize/INT64_T.c
Linking C executable cmTC_934d9
/usr/bin/cmake -E cmake_link_script CMakeFiles/cmTC_934d9.dir/link.txt --verbose=1
/usr/bin/cc  -Wall  -rdynamic CMakeFiles/cmTC_934d9.dir/INT64_T.c.o -o cmTC_934d9 
gmake[1]: Leaving directory '/home/cuyigoldo/Dropbox/Doctorado/comprimidas/programa/build/CMakeFiles/CMakeTmp'



Determining if the PRId64 exist passed with the following output:
Change Dir: /home/cuyigoldo/Dropbox/Doctorado/comprimidas/programa/build/CMakeFiles/CMakeTmp

Run Build Command(s):/usr/bin/gmake cmTC_0b187/fast && /usr/bin/gmake  -f CMakeFiles/cmTC_0b187.dir/build.make CMakeFiles/cmTC_0b187.dir/build
gmake[1]: Entering directory '/home/cuyigoldo/Dropbox/Doctorado/comprimidas/programa/build/CMakeFiles/CMakeTmp'
Building C object CMakeFiles/cmTC_0b187.dir/CheckSymbolExists.c.o
/usr/bin/cc   -Wall  -o CMakeFiles/cmTC_0b187.dir/CheckSymbolExists.c.o -c /home/cuyigoldo/Dropbox/Doctorado/comprimidas/programa/build/CMakeFiles/CMakeTmp/CheckSymbolExists.c
Linking C executable cmTC_0b187
/usr/bin/cmake -E cmake_link_script CMakeFiles/cmTC_0b187.dir/link.txt --verbose=1
/usr/bin/cc  -Wall  -rdynamic CMakeFiles/cmTC_0b187.dir/CheckSymbolExists.c.o -o cmTC_0b187 
gmake[1]: Leaving directory '/home/cuyigoldo/Dropbox/Doctorado/comprimidas/programa/build/CMakeFiles/CMakeTmp'


File /home/cuyigoldo/Dropbox/Doctorado/comprimidas/programa/build/CMakeFiles/CMakeTmp/CheckSymbolExists.c:
/* */
#include <inttypes.h>

int main(int argc, char** argv)
{
  (void)argv;
#ifndef PRId64
  return ((int*)(&PRId64))[argc];
#else
  (void)argc;
  return 0;
#endif
}
Determining if the include file pthread.h exists passed with the following output:
Change Dir: /home/cuyigoldo/Dropbox/Doctorado/comprimidas/programa/build/CMakeFiles/CMakeTmp

Run Build Command(s):/usr/bin/gmake cmTC_b13cc/fast && /usr/bin/gmake  -f CMakeFiles/cmTC_b13cc.dir/build.make CMakeFiles/cmTC_b13cc.dir/build
gmake[1]: Entering directory '/home/cuyigoldo/Dropbox/Doctorado/comprimidas/programa/build/CMakeFiles/CMakeTmp'
Building C object CMakeFiles/cmTC_b13cc.dir/CheckIncludeFile.c.o
/usr/bin/cc    -o CMakeFiles/cmTC_b13cc.dir/CheckIncludeFile.c.o -c /home/cuyigoldo/Dropbox/Doctorado/comprimidas/programa/build/CMakeFiles/CMakeTmp/CheckIncludeFile.c
Linking C executable cmTC_b13cc
/usr/bin/cmake -E cmake_link_script CMakeFiles/cmTC_b13cc.dir/link.txt --verbose=1
/usr/bin/cc -rdynamic CMakeFiles/cmTC_b13cc.dir/CheckIncludeFile.c.o -o cmTC_b13cc 
gmake[1]: Leaving directory '/home/cuyigoldo/Dropbox/Doctorado/comprimidas/programa/build/CMakeFiles/CMakeTmp'



Determining if the function pthread_create exists in the pthread passed with the following output:
Change Dir: /home/cuyigoldo/Dropbox/Doctorado/comprimidas/programa/build/CMakeFiles/CMakeTmp

Run Build Command(s):/usr/bin/gmake cmTC_c0a5d/fast && /usr/bin/gmake  -f CMakeFiles/cmTC_c0a5d.dir/build.make CMakeFiles/cmTC_c0a5d.dir/build
gmake[1]: Entering directory '/home/cuyigoldo/Dropbox/Doctorado/comprimidas/programa/build/CMakeFiles/CMakeTmp'
Building C object CMakeFiles/cmTC_c0a5d.dir/CheckFunctionExists.c.o
/usr/bin/cc   -DCHECK_FUNCTION_EXISTS=pthread_create -o CMakeFiles/cmTC_c0a5d.dir/CheckFunctionExists.c.o -c /usr/share/cmake-3.18/Modules/CheckFunctionExists.c
Linking C executable cmTC_c0a5d
/usr/bin/cmake -E cmake_link_script CMakeFiles/cmTC_c0a5d.dir/link.txt --verbose=1
/usr/bin/cc  -DCHECK_FUNCTION_EXISTS=pthread_create -rdynamic CMakeFiles/cmTC_c0a5d.dir/CheckFunctionExists.c.o -o cmTC_c0a5d  -lpthread 
gmake[1]: Leaving directory '/home/cuyigoldo/Dropbox/Doctorado/comprimidas/programa/build/CMakeFiles/CMakeTmp'



Determining if the include file cstdio exists passed with the following output:
Change Dir: /home/cuyigoldo/Dropbox/Doctorado/comprimidas/programa/build/CMakeFiles/CMakeTmp

Run Build Command(s):/usr/bin/gmake cmTC_6315b/fast && /usr/bin/gmake  -f CMakeFiles/cmTC_6315b.dir/build.make CMakeFiles/cmTC_6315b.dir/build
gmake[1]: Entering directory '/home/cuyigoldo/Dropbox/Doctorado/comprimidas/programa/build/CMakeFiles/CMakeTmp'
Building CXX object CMakeFiles/cmTC_6315b.dir/CheckIncludeFile.cxx.o
/usr/bin/c++   -std=c++11 -march=native -Wall -Wextra -DNDEBUG  -o CMakeFiles/cmTC_6315b.dir/CheckIncludeFile.cxx.o -c /home/cuyigoldo/Dropbox/Doctorado/comprimidas/programa/build/CMakeFiles/CMakeTmp/CheckIncludeFile.cxx
Linking CXX executable cmTC_6315b
/usr/bin/cmake -E cmake_link_script CMakeFiles/cmTC_6315b.dir/link.txt --verbose=1
/usr/bin/c++  -std=c++11 -march=native -Wall -Wextra -DNDEBUG  -rdynamic CMakeFiles/cmTC_6315b.dir/CheckIncludeFile.cxx.o -o cmTC_6315b 
gmake[1]: Leaving directory '/home/cuyigoldo/Dropbox/Doctorado/comprimidas/programa/build/CMakeFiles/CMakeTmp'



Performing C++ SOURCE FILE Test HAVE_GCC_STD=C__11__MARCH=NATIVE__WALL__WEXTRA__DNDEBUG succeeded with the following output:
Change Dir: /home/cuyigoldo/Dropbox/Doctorado/comprimidas/programa/build/CMakeFiles/CMakeTmp

Run Build Command(s):/usr/bin/gmake cmTC_7e452/fast && gmake[1]: Entering directory '/home/cuyigoldo/Dropbox/Doctorado/comprimidas/programa/build/CMakeFiles/CMakeTmp'
/usr/bin/gmake  -f CMakeFiles/cmTC_7e452.dir/build.make CMakeFiles/cmTC_7e452.dir/build
gmake[2]: Entering directory '/home/cuyigoldo/Dropbox/Doctorado/comprimidas/programa/build/CMakeFiles/CMakeTmp'
Building CXX object CMakeFiles/cmTC_7e452.dir/src.cxx.o
/usr/bin/c++   -DHAVE_GCC_STD=C__11__MARCH=NATIVE__WALL__WEXTRA__DNDEBUG -std=c++11 -march=native -Wall -Wextra -DNDEBUG -o CMakeFiles/cmTC_7e452.dir/src.cxx.o -c /home/cuyigoldo/Dropbox/Doctorado/comprimidas/programa/build/CMakeFiles/CMakeTmp/src.cxx
Linking CXX executable cmTC_7e452
/usr/bin/cmake -E cmake_link_script CMakeFiles/cmTC_7e452.dir/link.txt --verbose=1
/usr/bin/c++  -DHAVE_GCC_STD=C__11__MARCH=NATIVE__WALL__WEXTRA__DNDEBUG -std=c++11 -march=native -Wall -Wextra -DNDEBUG -rdynamic CMakeFiles/cmTC_7e452.dir/src.cxx.o -o cmTC_7e452 
gmake[2]: Leaving directory '/home/cuyigoldo/Dropbox/Doctorado/comprimidas/programa/build/CMakeFiles/CMakeTmp'
gmake[1]: Leaving directory '/home/cuyigoldo/Dropbox/Doctorado/comprimidas/programa/build/CMakeFiles/CMakeTmp'


Source file was:
int main() { return 0; }
Performing C++ SOURCE FILE Test HAVE_GCC_STD=C__11__MARCH=NATIVE__WALL__WEXTRA__DNDEBUG succeeded with the following output:
Change Dir: /home/cuyigoldo/Dropbox/Doctorado/comprimidas/programa/build/CMakeFiles/CMakeTmp

Run Build Command(s):/usr/bin/gmake cmTC_4668a/fast && gmake[1]: Entering directory '/home/cuyigoldo/Dropbox/Doctorado/comprimidas/programa/build/CMakeFiles/CMakeTmp'
/usr/bin/gmake  -f CMakeFiles/cmTC_4668a.dir/build.make CMakeFiles/cmTC_4668a.dir/build
gmake[2]: Entering directory '/home/cuyigoldo/Dropbox/Doctorado/comprimidas/programa/build/CMakeFiles/CMakeTmp'
Building CXX object CMakeFiles/cmTC_4668a.dir/src.cxx.o
/usr/bin/c++   -DHAVE_GCC_STD=C__11__MARCH=NATIVE__WALL__WEXTRA__DNDEBUG -std=c++11 -march=native -Wall -Wextra -DNDEBUG -o CMakeFiles/cmTC_4668a.dir/src.cxx.o -c /home/cuyigoldo/Dropbox/Doctorado/comprimidas/programa/build/CMakeFiles/CMakeTmp/src.cxx
Linking CXX executable cmTC_4668a
/usr/bin/cmake -E cmake_link_script CMakeFiles/cmTC_4668a.dir/link.txt --verbose=1
/usr/bin/c++  -DHAVE_GCC_STD=C__11__MARCH=NATIVE__WALL__WEXTRA__DNDEBUG -std=c++11 -march=native -Wall -Wextra -DNDEBUG -rdynamic CMakeFiles/cmTC_4668a.dir/src.cxx.o -o cmTC_4668a 
gmake[2]: Leaving directory '/home/cuyigoldo/Dropbox/Doctorado/comprimidas/programa/build/CMakeFiles/CMakeTmp'
gmake[1]: Leaving directory '/home/cuyigoldo/Dropbox/Doctorado/comprimidas/programa/build/CMakeFiles/CMakeTmp'


Source file was:
int main() { return 0; }
Performing C++ SOURCE FILE Test HAVE_GCC_STD=C__11__MARCH=NATIVE__WALL__WEXTRA__DNDEBUG succeeded with the following output:
Change Dir: /home/cuyigoldo/Dropbox/Doctorado/comprimidas/programa/build/CMakeFiles/CMakeTmp

Run Build Command(s):/usr/bin/gmake cmTC_cefb6/fast && gmake[1]: Entering directory '/home/cuyigoldo/Dropbox/Doctorado/comprimidas/programa/build/CMakeFiles/CMakeTmp'
/usr/bin/gmake  -f CMakeFiles/cmTC_cefb6.dir/build.make CMakeFiles/cmTC_cefb6.dir/build
gmake[2]: Entering directory '/home/cuyigoldo/Dropbox/Doctorado/comprimidas/programa/build/CMakeFiles/CMakeTmp'
Building CXX object CMakeFiles/cmTC_cefb6.dir/src.cxx.o
/usr/bin/c++   -DHAVE_GCC_STD=C__11__MARCH=NATIVE__WALL__WEXTRA__DNDEBUG -std=c++11 -march=native -Wall -Wextra -DNDEBUG -o CMakeFiles/cmTC_cefb6.dir/src.cxx.o -c /home/cuyigoldo/Dropbox/Doctorado/comprimidas/programa/build/CMakeFiles/CMakeTmp/src.cxx
Linking CXX executable cmTC_cefb6
/usr/bin/cmake -E cmake_link_script CMakeFiles/cmTC_cefb6.dir/link.txt --verbose=1
/usr/bin/c++  -DHAVE_GCC_STD=C__11__MARCH=NATIVE__WALL__WEXTRA__DNDEBUG -std=c++11 -march=native -Wall -Wextra -DNDEBUG -rdynamic CMakeFiles/cmTC_cefb6.dir/src.cxx.o -o cmTC_cefb6 
gmake[2]: Leaving directory '/home/cuyigoldo/Dropbox/Doctorado/comprimidas/programa/build/CMakeFiles/CMakeTmp'
gmake[1]: Leaving directory '/home/cuyigoldo/Dropbox/Doctorado/comprimidas/programa/build/CMakeFiles/CMakeTmp'


Source file was:
int main() { return 0; }
Performing C++ SOURCE FILE Test HAVE_GCC_STD=C__11__MARCH=NATIVE__WALL__WEXTRA__DNDEBUG succeeded with the following output:
Change Dir: /home/cuyigoldo/Dropbox/Doctorado/comprimidas/programa/build/CMakeFiles/CMakeTmp

Run Build Command(s):/usr/bin/gmake cmTC_ebf2b/fast && gmake[1]: Entering directory '/home/cuyigoldo/Dropbox/Doctorado/comprimidas/programa/build/CMakeFiles/CMakeTmp'
/usr/bin/gmake  -f CMakeFiles/cmTC_ebf2b.dir/build.make CMakeFiles/cmTC_ebf2b.dir/build
gmake[2]: Entering directory '/home/cuyigoldo/Dropbox/Doctorado/comprimidas/programa/build/CMakeFiles/CMakeTmp'
Building CXX object CMakeFiles/cmTC_ebf2b.dir/src.cxx.o
/usr/bin/c++   -DHAVE_GCC_STD=C__11__MARCH=NATIVE__WALL__WEXTRA__DNDEBUG -std=c++11 -march=native -Wall -Wextra -DNDEBUG -o CMakeFiles/cmTC_ebf2b.dir/src.cxx.o -c /home/cuyigoldo/Dropbox/Doctorado/comprimidas/programa/build/CMakeFiles/CMakeTmp/src.cxx
Linking CXX executable cmTC_ebf2b
/usr/bin/cmake -E cmake_link_script CMakeFiles/cmTC_ebf2b.dir/link.txt --verbose=1
/usr/bin/c++  -DHAVE_GCC_STD=C__11__MARCH=NATIVE__WALL__WEXTRA__DNDEBUG -std=c++11 -march=native -Wall -Wextra -DNDEBUG -rdynamic CMakeFiles/cmTC_ebf2b.dir/src.cxx.o -o cmTC_ebf2b 
gmake[2]: Leaving directory '/home/cuyigoldo/Dropbox/Doctorado/comprimidas/programa/build/CMakeFiles/CMakeTmp'
gmake[1]: Leaving directory '/home/cuyigoldo/Dropbox/Doctorado/comprimidas/programa/build/CMakeFiles/CMakeTmp'


Source file was:
int main() { return 0; }
